05-04-2019 18:06:10 1554480370077 BuildInfo[
                          Build=20190216
                          BuildNumber=20190216
                          Revision=e302506
                          Version=3.11.2
                          SerialVersion=1
                          Enterprise=false]
05-04-2019 18:06:10 1554480370077 ConfigProperties[]
05-04-2019 18:06:10 1554480370077 SystemProperties[
                          hazelcast.diagnostics.enabled=true
                          hazelcast.logging.type=jdk
                          java.class.path=C:\Software\IntelliJIDEA2018.3.5\lib\idea_rt.jar;C:\Software\IntelliJIDEA2018.3.5\plugins\junit\lib\junit-rt.jar;C:\Software\IntelliJIDEA2018.3.5\plugins\junit\lib\junit5-rt.jar;C:\Users\GedMarc\.m2\repository\org\junit\platform\junit-platform-launcher\1.4.0\junit-platform-launcher-1.4.0.jar;C:\Users\GedMarc\.m2\repository\org\apiguardian\apiguardian-api\1.0.0\apiguardian-api-1.0.0.jar;C:\Users\GedMarc\.m2\repository\org\junit\platform\junit-platform-engine\1.4.0\junit-platform-engine-1.4.0.jar;C:\Users\GedMarc\.m2\repository\org\opentest4j\opentest4j\1.1.1\opentest4j-1.1.1.jar;C:\Users\GedMarc\.m2\repository\org\junit\platform\junit-platform-commons\1.4.0\junit-platform-commons-1.4.0.jar;C:\Users\GedMarc\.m2\repository\org\junit\jupiter\junit-jupiter-engine\5.4.0\junit-jupiter-engine-5.4.0.jar;C:\Users\GedMarc\.m2\repository\org\junit\jupiter\junit-jupiter-api\5.4.0\junit-jupiter-api-5.4.0.jar;C:\AESoft\Programs\ActivityMaster\ProfileMaster\target\test-classes;C:\AESoft\Programs\ActivityMaster\ProfileMaster\target\classes;C:\AESoft\Programs\ActivityMaster\ActivityMaster\target\classes;C:\AESoft\Programs\GuicedEE\Persistence\GuicedPersistence-BTM\target\classes;C:\AESoft\Programs\GuicedEE\Persistence\GuicedPersistence\target\classes;C:\AESoft\Programs\ThirdParty\json\target\classes;C:\AESoft\Maven Repository\com\jwebmp\inject\extensions\guice-persist\0.0.0_0-SNAPSHOT\guice-persist-0.0.0_0-20190318.103340-51.jar;C:\AESoft\Maven Repository\javax\persistence\javax.persistence-api\2.2\javax.persistence-api-2.2.jar;C:\AESoft\Programs\GuicedEE\Persistence\GuicedPersistence-HibernatePropertiesReader\target\classes;C:\AESoft\Maven Repository\org\hibernate\validator\hibernate-validator\6.0.14.Final\hibernate-validator-6.0.14.Final.jar;C:\AESoft\Maven Repository\javax\transaction\javax.transaction-api\1.3\javax.transaction-api-1.3.jar;C:\AESoft\Programs\GuicedEE\Persistence\btm\target\classes;C:\AESoft\Maven Repository\javax\jms\jms\1.1\jms-1.1.jar;C:\AESoft\Programs\GuicedEE\Persistence\GuicedHazelcast\target\classes;C:\AESoft\Maven Repository\org\hibernate\hibernate-core\5.4.1.Final\hibernate-core-5.4.1.Final.jar;C:\AESoft\Maven Repository\org\javassist\javassist\3.24.0-GA\javassist-3.24.0-GA.jar;C:\AESoft\Maven Repository\antlr\antlr\2.7.7\antlr-2.7.7.jar;C:\AESoft\Maven Repository\org\jboss\jandex\2.0.5.Final\jandex-2.0.5.Final.jar;C:\AESoft\Maven Repository\com\fasterxml\classmate\1.3.4\classmate-1.3.4.jar;C:\AESoft\Maven Repository\org\dom4j\dom4j\2.1.1\dom4j-2.1.1.jar;C:\AESoft\Maven Repository\org\hibernate\common\hibernate-commons-annotations\5.1.0.Final\hibernate-commons-annotations-5.1.0.Final.jar;C:\AESoft\Maven Repository\org\hibernate\hibernate-jcache\5.4.1.Final\hibernate-jcache-5.4.1.Final.jar;C:\AESoft\Maven Repository\com\hazelcast\hazelcast-all\3.11.2\hazelcast-all-3.11.2.jar;C:\AESoft\Programs\ThirdParty\commons\commons-io\target\classes;C:\AESoft\Programs\GuicedEE\Persistence\EntityAssist\target\classes;C:\AESoft\Programs\ThirdParty\commons\commons-text\target\classes;C:\AESoft\Programs\ThirdParty\commons\commons-lang\target\classes;C:\AESoft\Maven Repository\javax\annotation\jsr250-api\1.0\jsr250-api-1.0.jar;C:\AESoft\Maven Repository\org\hibernate\hibernate-jpamodelgen\5.4.1.Final\hibernate-jpamodelgen-5.4.1.Final.jar;C:\AESoft\Maven Repository\org\jboss\logging\jboss-logging\3.3.2.Final\jboss-logging-3.3.2.Final.jar;C:\AESoft\Maven Repository\org\glassfish\jaxb\jaxb-runtime\2.3.1\jaxb-runtime-2.3.1.jar;C:\AESoft\Maven Repository\org\glassfish\jaxb\txw2\2.3.1\txw2-2.3.1.jar;C:\AESoft\Maven Repository\com\sun\istack\istack-commons-runtime\3.0.7\istack-commons-runtime-3.0.7.jar;C:\AESoft\Maven Repository\org\jvnet\staxex\stax-ex\1.8\stax-ex-1.8.jar;C:\AESoft\Maven Repository\com\sun\xml\fastinfoset\FastInfoset\1.2.15\FastInfoset-1.2.15.jar;C:\AESoft\Maven Repository\javax\xml\bind\jaxb-api\2.3.0\jaxb-api-2.3.0.jar;C:\AESoft\Maven Repository\com\microsoft\sqlserver\mssql-jdbc\7.0.0.jre10\mssql-jdbc-7.0.0.jre10.jar;C:\AESoft\Maven Repository\org\jsr107\ri\cache-annotations-ri-guice\1.1.0\cache-annotations-ri-guice-1.1.0.jar;C:\AESoft\Maven Repository\javax\cache\cache-api\1.1.0\cache-api-1.1.0.jar;C:\AESoft\Maven Repository\org\jsr107\ri\cache-annotations-ri-common\1.1.0\cache-annotations-ri-common-1.1.0.jar;C:\AESoft\Programs\ActivityMaster\ActivityMaster\target\test-classes;C:\AESoft\Programs\ThirdParty\uadetector\UADetector-Core\target\classes;C:\AESoft\Maven Repository\com\google\guava\guava\26.0-jre\guava-26.0-jre.jar;C:\AESoft\Maven Repository\org\checkerframework\checker-qual\2.5.2\checker-qual-2.5.2.jar;C:\AESoft\Maven Repository\com\google\errorprone\error_prone_annotations\2.3.2\error_prone_annotations-2.3.2.jar;C:\AESoft\Maven Repository\com\google\j2objc\j2objc-annotations\1.1\j2objc-annotations-1.1.jar;C:\AESoft\Maven Repository\org\codehaus\mojo\animal-sniffer-annotations\1.14\animal-sniffer-annotations-1.14.jar;C:\AESoft\Maven Repository\javax\activation\javax.activation-api\1.2.0\javax.activation-api-1.2.0.jar;C:\AESoft\Maven Repository\javax\validation\validation-api\2.0.1.Final\validation-api-2.0.1.Final.jar;C:\AESoft\Programs\GuicedEE\Servlets\GuicedServlets\target\classes;C:\AESoft\Programs\GuicedEE\GuiceInjection\target\classes;C:\AESoft\Programs\GuicedEE\LogMaster\target\classes;C:\AESoft\Programs\ThirdParty\aopalliance\target\classes;C:\AESoft\Maven Repository\io\github\classgraph\classgraph\4.8.12\classgraph-4.8.12.jar;C:\AESoft\Maven Repository\com\jwebmp\inject\guice\0.0.0_0-SNAPSHOT\guice-0.0.0_0-20190318.102622-54.jar;C:\AESoft\Programs\ThirdParty\javax-inject\target\classes;C:\AESoft\Programs\ThirdParty\fasterxml\jackson-databind\target\classes;C:\AESoft\Programs\ThirdParty\fasterxml\jackson-core\target\classes;C:\AESoft\Programs\ThirdParty\fasterxml\jackson-annotations\target\classes;C:\AESoft\Programs\ThirdParty\fasterxml\jackson-guice\target\classes;C:\AESoft\Programs\ThirdParty\fasterxml\jackson-datatypes\target\classes;C:\AESoft\Maven Repository\javax\servlet\javax.servlet-api\3.1.0\javax.servlet-api-3.1.0.jar;C:\AESoft\Maven Repository\com\jwebmp\inject\extensions\guice-servlet\0.0.0_0-SNAPSHOT\guice-servlet-0.0.0_0-20190318.104148-49.jar;C:\AESoft\Programs\GuicedEE\Servlets\GuicedServlets\target\test-classes;C:\AESoft\Maven Repository\org\mapstruct\mapstruct\1.3.0.Final\mapstruct-1.3.0.Final.jar;C:\AESoft\Maven Repository\org\junit\jupiter\junit-jupiter-api\5.4.0\junit-jupiter-api-5.4.0.jar;C:\AESoft\Maven Repository\org\apiguardian\apiguardian-api\1.0.0\apiguardian-api-1.0.0.jar;C:\AESoft\Maven Repository\org\opentest4j\opentest4j\1.1.1\opentest4j-1.1.1.jar;C:\AESoft\Maven Repository\org\junit\platform\junit-platform-commons\1.4.0\junit-platform-commons-1.4.0.jar;C:\AESoft\Maven Repository\org\assertj\assertj-core\3.11.1\assertj-core-3.11.1.jar;C:\AESoft\Maven Repository\org\mockito\mockito-core\2.23.4\mockito-core-2.23.4.jar;C:\AESoft\Maven Repository\net\bytebuddy\byte-buddy\1.9.10\byte-buddy-1.9.10.jar;C:\AESoft\Maven Repository\net\bytebuddy\byte-buddy-agent\1.9.3\byte-buddy-agent-1.9.3.jar;C:\AESoft\Maven Repository\org\objenesis\objenesis\2.6\objenesis-2.6.jar;C:\AESoft\Maven Repository\org\hamcrest\hamcrest-all\1.3\hamcrest-all-1.3.jar;C:\AESoft\Maven Repository\org\projectlombok\lombok\1.18.4\lombok-1.18.4.jar;C:\AESoft\Maven Repository\org\mapstruct\mapstruct-processor\1.3.0.Final\mapstruct-processor-1.3.0.Final.jar
                          java.class.version=56.0
                          java.home=C:\Java\JDK\jdk-12
                          java.io.tmpdir=C:\Users\GedMarc\AppData\Local\Temp\
                          java.library.path=C:\Java\JDK\jdk-12\bin;C:\WINDOWS\Sun\Java\bin;C:\WINDOWS\system32;C:\WINDOWS;C:\Python27\;C:\Python27\Scripts;C:\Program Files (x86)\Intel\iCLS Client\;C:\Program Files\Intel\iCLS Client\;C:\WINDOWS\system32;C:\WINDOWS;C:\WINDOWS\System32\Wbem;C:\WINDOWS\System32\WindowsPowerShell\v1.0\;C:\WINDOWS\System32\OpenSSH\;C:\Program Files (x86)\Intel\Intel(R) Management Engine Components\DAL;C:\Program Files\Intel\Intel(R) Management Engine Components\DAL;C:\Program Files (x86)\Intel\Intel(R) Management Engine Components\IPT;C:\Program Files\Intel\Intel(R) Management Engine Components\IPT;C:\Program Files (x86)\Microsoft SQL Server\140\Tools\Binn\;C:\Program Files\Microsoft SQL Server\140\Tools\Binn\;C:\Program Files\Microsoft SQL Server\Client SDK\ODBC\130\Tools\Binn\;C:\Program Files\Microsoft SQL Server\140\DTS\Binn\;C:\Program Files (x86)\Microsoft SQL Server\Client SDK\ODBC\130\Tools\Binn\;C:\Program Files (x86)\Microsoft SQL Server\140\DTS\Binn\;C:\Program Files (x86)\Microsoft SQL Server\140\Tools\Binn\ManagementStudio\;C:\Program Files\Git\cmd;C:\Program Files\nodejs\;C:\ProgramData\chocolatey\bin;C:\Program Files (x86)\Windows Kits\10\Windows Performance Toolkit\;C:\Program Files (x86)\Windows Kits\10\Microsoft Application Virtualization\Sequencer\;C:\Users\GedMarc\AppData\Local\Microsoft\WindowsApps;C:\Software\IntelliJIDEA2018.3.5\bin;;C:\Java\jdk-11\bin;C:\Java\maven\bin;C:\Users\GedMarc\AppData\Roaming\npm;;.
                          java.runtime.name=OpenJDK Runtime Environment
                          java.runtime.version=12+33
                          java.specification.name=Java Platform API Specification
                          java.specification.vendor=Oracle Corporation
                          java.specification.version=12
                          java.vendor=Oracle Corporation
                          java.vendor.url=https://java.oracle.com/
                          java.vendor.url.bug=https://bugreport.java.com/bugreport/
                          java.version=12
                          java.version.date=2019-03-19
                          java.vm.args=-ea -Didea.test.cyclic.buffer.size=1048576 -javaagent:C:\Software\IntelliJIDEA2018.3.5\lib\idea_rt.jar=61769:C:\Software\IntelliJIDEA2018.3.5\bin -Dfile.encoding=UTF-8 
                          java.vm.compressedOopsMode=Zero based
                          java.vm.info=mixed mode, sharing
                          java.vm.name=OpenJDK 64-Bit Server VM
                          java.vm.specification.name=Java Virtual Machine Specification
                          java.vm.specification.vendor=Oracle Corporation
                          java.vm.specification.version=12
                          java.vm.vendor=Oracle Corporation
                          java.vm.version=12+33
                          os.arch=amd64
                          os.name=Windows 10
                          os.version=10.0
                          sun.arch.data.model=64
                          sun.boot.library.path=C:\Java\JDK\jdk-12\bin
                          sun.cpu.endian=little
                          sun.cpu.isalist=amd64
                          sun.desktop=windows
                          sun.io.unicode.encoding=UnicodeLittle
                          sun.java.command=com.intellij.rt.execution.junit.JUnitStarter -ideVersion5 -junit5 com.armineasy.activitymaster.profiles.services.ProfileServiceTest,testCreateNewGuest
                          sun.java.launcher=SUN_STANDARD
                          sun.jnu.encoding=Cp1252
                          sun.management.compiler=HotSpot 64-Bit Tiered Compilers
                          sun.os.patch.level=]
05-04-2019 18:06:10 1554480370078 Metric[classloading.loadedClassesCount=6399]
05-04-2019 18:06:10 1554480370078 Metric[classloading.totalLoadedClassesCount=6399]
05-04-2019 18:06:10 1554480370078 Metric[classloading.unloadedClassCount=0]
05-04-2019 18:06:10 1554480370078 Metric[executionService.userExecutorQueueSize=0]
05-04-2019 18:06:10 1554480370078 Metric[file.partition[user.home].freeSpace=108560228352]
05-04-2019 18:06:10 1554480370078 Metric[file.partition[user.home].totalSpace=478977880064]
05-04-2019 18:06:10 1554480370078 Metric[file.partition[user.home].usableSpace=108560228352]
05-04-2019 18:06:10 1554480370078 Metric[gc.majorCount=0]
05-04-2019 18:06:10 1554480370078 Metric[gc.majorTime=0]
05-04-2019 18:06:10 1554480370078 Metric[gc.minorCount=3]
05-04-2019 18:06:10 1554480370078 Metric[gc.minorTime=22]
05-04-2019 18:06:10 1554480370078 Metric[gc.unknownCount=0]
05-04-2019 18:06:10 1554480370078 Metric[gc.unknownTime=0]
05-04-2019 18:06:10 1554480370078 Metric[invocations.maxCurrentInvocations=2147483647]
05-04-2019 18:06:10 1554480370078 Metric[invocations.pendingCalls=0]
05-04-2019 18:06:10 1554480370078 Metric[invocations.startedInvocations=5]
05-04-2019 18:06:10 1554480370078 Metric[memory.committedHeap=73400320]
05-04-2019 18:06:10 1554480370078 Metric[memory.committedNative=0]
05-04-2019 18:06:10 1554480370078 Metric[memory.freeHeap=35781520]
05-04-2019 18:06:10 1554480370078 Metric[memory.freeNative=0]
05-04-2019 18:06:10 1554480370078 Metric[memory.freePhysical=-1]
05-04-2019 18:06:10 1554480370078 Metric[memory.maxHeap=4269801472]
05-04-2019 18:06:10 1554480370078 Metric[memory.maxMetadata=0]
05-04-2019 18:06:10 1554480370078 Metric[memory.maxNative=0]
05-04-2019 18:06:10 1554480370078 Metric[memory.totalPhysical=-1]
05-04-2019 18:06:10 1554480370078 Metric[memory.usedHeap=37618800]
05-04-2019 18:06:10 1554480370078 Metric[memory.usedMetadata=0]
05-04-2019 18:06:10 1554480370078 Metric[memory.usedNative=0]
05-04-2019 18:06:10 1554480370078 Metric[os.systemLoadAverage=-1.0]
05-04-2019 18:06:10 1554480370078 Metric[runtime.availableProcessors=12]
05-04-2019 18:06:10 1554480370078 Metric[runtime.freeMemory=35781520]
05-04-2019 18:06:10 1554480370078 Metric[runtime.maxMemory=4269801472]
05-04-2019 18:06:10 1554480370078 Metric[runtime.totalMemory=73400320]
05-04-2019 18:06:10 1554480370078 Metric[runtime.uptime=3678]
05-04-2019 18:06:10 1554480370078 Metric[runtime.usedMemory=37618800]
05-04-2019 18:06:10 1554480370078 Metric[thread.daemonThreadCount=6]
05-04-2019 18:06:10 1554480370078 Metric[thread.peakThreadCount=26]
05-04-2019 18:06:10 1554480370078 Metric[thread.threadCount=24]
05-04-2019 18:06:10 1554480370078 Metric[thread.totalStartedThreadCount=43]
05-04-2019 18:07:10 1554480430077 Metric[classloading.loadedClassesCount=13619]
05-04-2019 18:07:10 1554480430077 Metric[classloading.totalLoadedClassesCount=13619]
05-04-2019 18:07:10 1554480430077 Metric[classloading.unloadedClassCount=0]
05-04-2019 18:07:10 1554480430077 Metric[executionService.userExecutorQueueSize=0]
05-04-2019 18:07:10 1554480430077 Metric[file.partition[user.home].freeSpace=108559687680]
05-04-2019 18:07:10 1554480430077 Metric[file.partition[user.home].totalSpace=478977880064]
05-04-2019 18:07:10 1554480430077 Metric[file.partition[user.home].usableSpace=108559687680]
05-04-2019 18:07:10 1554480430077 Metric[gc.majorCount=0]
05-04-2019 18:07:10 1554480430077 Metric[gc.majorTime=0]
05-04-2019 18:07:10 1554480430077 Metric[gc.minorCount=62]
05-04-2019 18:07:10 1554480430077 Metric[gc.minorTime=183]
05-04-2019 18:07:10 1554480430077 Metric[gc.unknownCount=0]
05-04-2019 18:07:10 1554480430077 Metric[gc.unknownTime=0]
05-04-2019 18:07:10 1554480430077 Metric[invocations.maxCurrentInvocations=2147483647]
05-04-2019 18:07:10 1554480430077 Metric[invocations.pendingCalls=1]
05-04-2019 18:07:10 1554480430077 Metric[invocations.startedInvocations=105240]
05-04-2019 18:07:10 1554480430077 Metric[listeners.eventHandlerCount=2]
05-04-2019 18:07:10 1554480430077 Metric[listeners.eventQueueSize=0]
05-04-2019 18:07:10 1554480430077 Metric[listeners.eventsProcessed=7]
05-04-2019 18:07:10 1554480430077 Metric[memory.committedHeap=206569472]
05-04-2019 18:07:10 1554480430077 Metric[memory.committedNative=0]
05-04-2019 18:07:10 1554480430077 Metric[memory.freeHeap=30575104]
05-04-2019 18:07:10 1554480430077 Metric[memory.freeNative=0]
05-04-2019 18:07:10 1554480430077 Metric[memory.freePhysical=-1]
05-04-2019 18:07:10 1554480430077 Metric[memory.maxHeap=4269801472]
05-04-2019 18:07:10 1554480430077 Metric[memory.maxMetadata=0]
05-04-2019 18:07:10 1554480430077 Metric[memory.maxNative=0]
05-04-2019 18:07:10 1554480430077 Metric[memory.totalPhysical=-1]
05-04-2019 18:07:10 1554480430077 Metric[memory.usedHeap=176000672]
05-04-2019 18:07:10 1554480430077 Metric[memory.usedMetadata=0]
05-04-2019 18:07:10 1554480430077 Metric[memory.usedNative=0]
05-04-2019 18:07:10 1554480430077 Metric[os.systemLoadAverage=-1.0]
05-04-2019 18:07:10 1554480430077 Metric[runtime.availableProcessors=12]
05-04-2019 18:07:10 1554480430077 Metric[runtime.freeMemory=30568800]
05-04-2019 18:07:10 1554480430077 Metric[runtime.maxMemory=4269801472]
05-04-2019 18:07:10 1554480430077 Metric[runtime.totalMemory=206569472]
05-04-2019 18:07:10 1554480430077 Metric[runtime.uptime=63677]
05-04-2019 18:07:10 1554480430077 Metric[runtime.usedMemory=176000672]
05-04-2019 18:07:10 1554480430077 Metric[thread.daemonThreadCount=9]
05-04-2019 18:07:10 1554480430077 Metric[thread.peakThreadCount=28]
05-04-2019 18:07:10 1554480430077 Metric[thread.threadCount=28]
05-04-2019 18:07:10 1554480430077 Metric[thread.totalStartedThreadCount=47]
05-04-2019 18:08:10 1554480490077 Metric[classloading.loadedClassesCount=13632]
05-04-2019 18:08:10 1554480490077 Metric[classloading.totalLoadedClassesCount=13632]
05-04-2019 18:08:10 1554480490077 Metric[classloading.unloadedClassCount=0]
05-04-2019 18:08:10 1554480490077 Metric[executionService.userExecutorQueueSize=0]
05-04-2019 18:08:10 1554480490077 Metric[file.partition[user.home].freeSpace=108563197952]
05-04-2019 18:08:10 1554480490077 Metric[file.partition[user.home].totalSpace=478977880064]
05-04-2019 18:08:10 1554480490077 Metric[file.partition[user.home].usableSpace=108563197952]
05-04-2019 18:08:10 1554480490077 Metric[gc.majorCount=0]
05-04-2019 18:08:10 1554480490077 Metric[gc.majorTime=0]
05-04-2019 18:08:10 1554480490077 Metric[gc.minorCount=81]
05-04-2019 18:08:10 1554480490077 Metric[gc.minorTime=230]
05-04-2019 18:08:10 1554480490077 Metric[gc.unknownCount=0]
05-04-2019 18:08:10 1554480490077 Metric[gc.unknownTime=0]
05-04-2019 18:08:10 1554480490077 Metric[invocations.maxCurrentInvocations=2147483647]
05-04-2019 18:08:10 1554480490077 Metric[invocations.pendingCalls=0]
05-04-2019 18:08:10 1554480490077 Metric[invocations.startedInvocations=233655]
05-04-2019 18:08:10 1554480490077 Metric[listeners.eventHandlerCount=2]
05-04-2019 18:08:10 1554480490077 Metric[listeners.eventQueueSize=0]
05-04-2019 18:08:10 1554480490077 Metric[listeners.eventsProcessed=12]
05-04-2019 18:08:10 1554480490077 Metric[memory.committedHeap=206569472]
05-04-2019 18:08:10 1554480490077 Metric[memory.committedNative=0]
05-04-2019 18:08:10 1554480490077 Metric[memory.freeHeap=61051424]
05-04-2019 18:08:10 1554480490077 Metric[memory.freeNative=0]
05-04-2019 18:08:10 1554480490077 Metric[memory.freePhysical=-1]
05-04-2019 18:08:10 1554480490077 Metric[memory.maxHeap=4269801472]
05-04-2019 18:08:10 1554480490077 Metric[memory.maxMetadata=0]
05-04-2019 18:08:10 1554480490077 Metric[memory.maxNative=0]
05-04-2019 18:08:10 1554480490077 Metric[memory.totalPhysical=-1]
05-04-2019 18:08:10 1554480490077 Metric[memory.usedHeap=145523496]
05-04-2019 18:08:10 1554480490077 Metric[memory.usedMetadata=0]
05-04-2019 18:08:10 1554480490077 Metric[memory.usedNative=0]
05-04-2019 18:08:10 1554480490077 Metric[os.systemLoadAverage=-1.0]
05-04-2019 18:08:10 1554480490077 Metric[runtime.availableProcessors=12]
05-04-2019 18:08:10 1554480490077 Metric[runtime.freeMemory=61045976]
05-04-2019 18:08:10 1554480490077 Metric[runtime.maxMemory=4269801472]
05-04-2019 18:08:10 1554480490077 Metric[runtime.totalMemory=206569472]
05-04-2019 18:08:10 1554480490077 Metric[runtime.uptime=123676]
05-04-2019 18:08:10 1554480490077 Metric[runtime.usedMemory=145523496]
05-04-2019 18:08:10 1554480490077 Metric[thread.daemonThreadCount=9]
05-04-2019 18:08:10 1554480490077 Metric[thread.peakThreadCount=29]
05-04-2019 18:08:10 1554480490077 Metric[thread.threadCount=28]
05-04-2019 18:08:10 1554480490077 Metric[thread.totalStartedThreadCount=48]
05-04-2019 18:09:10 1554480550078 Metric[classloading.loadedClassesCount=13634]
05-04-2019 18:09:10 1554480550078 Metric[classloading.totalLoadedClassesCount=13634]
05-04-2019 18:09:10 1554480550078 Metric[classloading.unloadedClassCount=0]
05-04-2019 18:09:10 1554480550078 Metric[executionService.userExecutorQueueSize=0]
05-04-2019 18:09:10 1554480550078 Metric[file.partition[user.home].freeSpace=108563222528]
05-04-2019 18:09:10 1554480550078 Metric[file.partition[user.home].totalSpace=478977880064]
05-04-2019 18:09:10 1554480550078 Metric[file.partition[user.home].usableSpace=108563222528]
05-04-2019 18:09:10 1554480550078 Metric[gc.majorCount=0]
05-04-2019 18:09:10 1554480550078 Metric[gc.majorTime=0]
05-04-2019 18:09:10 1554480550078 Metric[gc.minorCount=100]
05-04-2019 18:09:10 1554480550078 Metric[gc.minorTime=265]
05-04-2019 18:09:10 1554480550078 Metric[gc.unknownCount=0]
05-04-2019 18:09:10 1554480550078 Metric[gc.unknownTime=0]
05-04-2019 18:09:10 1554480550078 Metric[invocations.maxCurrentInvocations=2147483647]
05-04-2019 18:09:10 1554480550078 Metric[invocations.pendingCalls=1]
05-04-2019 18:09:10 1554480550078 Metric[invocations.startedInvocations=362345]
05-04-2019 18:09:10 1554480550078 Metric[listeners.eventHandlerCount=2]
05-04-2019 18:09:10 1554480550078 Metric[listeners.eventQueueSize=0]
05-04-2019 18:09:10 1554480550078 Metric[listeners.eventsProcessed=17]
05-04-2019 18:09:10 1554480550078 Metric[memory.committedHeap=206569472]
05-04-2019 18:09:10 1554480550078 Metric[memory.committedNative=0]
05-04-2019 18:09:10 1554480550078 Metric[memory.freeHeap=36739896]
05-04-2019 18:09:10 1554480550078 Metric[memory.freeNative=0]
05-04-2019 18:09:10 1554480550078 Metric[memory.freePhysical=-1]
05-04-2019 18:09:10 1554480550078 Metric[memory.maxHeap=4269801472]
05-04-2019 18:09:10 1554480550078 Metric[memory.maxMetadata=0]
05-04-2019 18:09:10 1554480550078 Metric[memory.maxNative=0]
05-04-2019 18:09:10 1554480550078 Metric[memory.totalPhysical=-1]
05-04-2019 18:09:10 1554480550078 Metric[memory.usedHeap=169835096]
05-04-2019 18:09:10 1554480550078 Metric[memory.usedMetadata=0]
05-04-2019 18:09:10 1554480550078 Metric[memory.usedNative=0]
05-04-2019 18:09:10 1554480550078 Metric[os.systemLoadAverage=-1.0]
05-04-2019 18:09:10 1554480550078 Metric[runtime.availableProcessors=12]
05-04-2019 18:09:10 1554480550078 Metric[runtime.freeMemory=36734376]
05-04-2019 18:09:10 1554480550078 Metric[runtime.maxMemory=4269801472]
05-04-2019 18:09:10 1554480550078 Metric[runtime.totalMemory=206569472]
05-04-2019 18:09:10 1554480550078 Metric[runtime.uptime=183677]
05-04-2019 18:09:10 1554480550078 Metric[runtime.usedMemory=169835096]
05-04-2019 18:09:10 1554480550078 Metric[thread.daemonThreadCount=9]
05-04-2019 18:09:10 1554480550078 Metric[thread.peakThreadCount=29]
05-04-2019 18:09:10 1554480550078 Metric[thread.threadCount=28]
05-04-2019 18:09:10 1554480550078 Metric[thread.totalStartedThreadCount=49]
05-04-2019 18:10:10 1554480610077 Metric[classloading.loadedClassesCount=13638]
05-04-2019 18:10:10 1554480610077 Metric[classloading.totalLoadedClassesCount=13638]
05-04-2019 18:10:10 1554480610077 Metric[classloading.unloadedClassCount=0]
05-04-2019 18:10:10 1554480610077 Metric[executionService.userExecutorQueueSize=0]
05-04-2019 18:10:10 1554480610077 Metric[file.partition[user.home].freeSpace=108561248256]
05-04-2019 18:10:10 1554480610077 Metric[file.partition[user.home].totalSpace=478977880064]
05-04-2019 18:10:10 1554480610077 Metric[file.partition[user.home].usableSpace=108561248256]
05-04-2019 18:10:10 1554480610077 Metric[gc.majorCount=0]
05-04-2019 18:10:10 1554480610077 Metric[gc.majorTime=0]
05-04-2019 18:10:10 1554480610077 Metric[gc.minorCount=120]
05-04-2019 18:10:10 1554480610077 Metric[gc.minorTime=303]
05-04-2019 18:10:10 1554480610077 Metric[gc.unknownCount=0]
05-04-2019 18:10:10 1554480610077 Metric[gc.unknownTime=0]
05-04-2019 18:10:10 1554480610077 Metric[invocations.maxCurrentInvocations=2147483647]
05-04-2019 18:10:10 1554480610077 Metric[invocations.pendingCalls=1]
05-04-2019 18:10:10 1554480610077 Metric[invocations.startedInvocations=491579]
05-04-2019 18:10:10 1554480610077 Metric[listeners.eventHandlerCount=2]
05-04-2019 18:10:10 1554480610077 Metric[listeners.eventQueueSize=0]
05-04-2019 18:10:10 1554480610077 Metric[listeners.eventsProcessed=22]
05-04-2019 18:10:10 1554480610077 Metric[memory.committedHeap=206569472]
05-04-2019 18:10:10 1554480610077 Metric[memory.committedNative=0]
05-04-2019 18:10:10 1554480610077 Metric[memory.freeHeap=104656712]
05-04-2019 18:10:10 1554480610077 Metric[memory.freeNative=0]
05-04-2019 18:10:10 1554480610077 Metric[memory.freePhysical=-1]
05-04-2019 18:10:10 1554480610077 Metric[memory.maxHeap=4269801472]
05-04-2019 18:10:10 1554480610077 Metric[memory.maxMetadata=0]
05-04-2019 18:10:10 1554480610077 Metric[memory.maxNative=0]
05-04-2019 18:10:10 1554480610077 Metric[memory.totalPhysical=-1]
05-04-2019 18:10:10 1554480610077 Metric[memory.usedHeap=101918608]
05-04-2019 18:10:10 1554480610077 Metric[memory.usedMetadata=0]
05-04-2019 18:10:10 1554480610077 Metric[memory.usedNative=0]
05-04-2019 18:10:10 1554480610077 Metric[os.systemLoadAverage=-1.0]
05-04-2019 18:10:10 1554480610077 Metric[runtime.availableProcessors=12]
05-04-2019 18:10:10 1554480610077 Metric[runtime.freeMemory=104650864]
05-04-2019 18:10:10 1554480610077 Metric[runtime.maxMemory=4269801472]
05-04-2019 18:10:10 1554480610077 Metric[runtime.totalMemory=206569472]
05-04-2019 18:10:10 1554480610077 Metric[runtime.uptime=243676]
05-04-2019 18:10:10 1554480610077 Metric[runtime.usedMemory=101918608]
05-04-2019 18:10:10 1554480610077 Metric[thread.daemonThreadCount=9]
05-04-2019 18:10:10 1554480610077 Metric[thread.peakThreadCount=29]
05-04-2019 18:10:10 1554480610077 Metric[thread.threadCount=28]
05-04-2019 18:10:10 1554480610077 Metric[thread.totalStartedThreadCount=50]
05-04-2019 18:11:10 1554480670077 Metric[classloading.loadedClassesCount=13645]
05-04-2019 18:11:10 1554480670077 Metric[classloading.totalLoadedClassesCount=13645]
05-04-2019 18:11:10 1554480670077 Metric[classloading.unloadedClassCount=0]
05-04-2019 18:11:10 1554480670077 Metric[executionService.userExecutorQueueSize=0]
05-04-2019 18:11:10 1554480670077 Metric[file.partition[user.home].freeSpace=108560474112]
05-04-2019 18:11:10 1554480670077 Metric[file.partition[user.home].totalSpace=478977880064]
05-04-2019 18:11:10 1554480670077 Metric[file.partition[user.home].usableSpace=108560474112]
05-04-2019 18:11:10 1554480670077 Metric[gc.majorCount=0]
05-04-2019 18:11:10 1554480670077 Metric[gc.majorTime=0]
05-04-2019 18:11:10 1554480670077 Metric[gc.minorCount=145]
05-04-2019 18:11:10 1554480670077 Metric[gc.minorTime=349]
05-04-2019 18:11:10 1554480670077 Metric[gc.unknownCount=0]
05-04-2019 18:11:10 1554480670077 Metric[gc.unknownTime=0]
05-04-2019 18:11:10 1554480670077 Metric[invocations.maxCurrentInvocations=2147483647]
05-04-2019 18:11:10 1554480670077 Metric[invocations.pendingCalls=1]
05-04-2019 18:11:10 1554480670077 Metric[invocations.startedInvocations=620341]
05-04-2019 18:11:10 1554480670077 Metric[listeners.eventHandlerCount=2]
05-04-2019 18:11:10 1554480670077 Metric[listeners.eventQueueSize=0]
05-04-2019 18:11:10 1554480670077 Metric[listeners.eventsProcessed=27]
05-04-2019 18:11:10 1554480670077 Metric[memory.committedHeap=206569472]
05-04-2019 18:11:10 1554480670077 Metric[memory.committedNative=0]
05-04-2019 18:11:10 1554480670077 Metric[memory.freeHeap=58199024]
05-04-2019 18:11:10 1554480670077 Metric[memory.freeNative=0]
05-04-2019 18:11:10 1554480670077 Metric[memory.freePhysical=-1]
05-04-2019 18:11:10 1554480670077 Metric[memory.maxHeap=4269801472]
05-04-2019 18:11:10 1554480670077 Metric[memory.maxMetadata=0]
05-04-2019 18:11:10 1554480670077 Metric[memory.maxNative=0]
05-04-2019 18:11:10 1554480670077 Metric[memory.totalPhysical=-1]
05-04-2019 18:11:10 1554480670077 Metric[memory.usedHeap=148375896]
05-04-2019 18:11:10 1554480670077 Metric[memory.usedMetadata=0]
05-04-2019 18:11:10 1554480670077 Metric[memory.usedNative=0]
05-04-2019 18:11:10 1554480670077 Metric[os.systemLoadAverage=-1.0]
05-04-2019 18:11:10 1554480670077 Metric[runtime.availableProcessors=12]
05-04-2019 18:11:10 1554480670077 Metric[runtime.freeMemory=58193576]
05-04-2019 18:11:10 1554480670077 Metric[runtime.maxMemory=4269801472]
05-04-2019 18:11:10 1554480670077 Metric[runtime.totalMemory=206569472]
05-04-2019 18:11:10 1554480670077 Metric[runtime.uptime=303676]
05-04-2019 18:11:10 1554480670077 Metric[runtime.usedMemory=148375896]
05-04-2019 18:11:10 1554480670077 Metric[thread.daemonThreadCount=9]
05-04-2019 18:11:10 1554480670077 Metric[thread.peakThreadCount=29]
05-04-2019 18:11:10 1554480670077 Metric[thread.threadCount=28]
05-04-2019 18:11:10 1554480670077 Metric[thread.totalStartedThreadCount=51]
05-04-2019 18:12:10 1554480730077 Metric[classloading.loadedClassesCount=13649]
05-04-2019 18:12:10 1554480730077 Metric[classloading.totalLoadedClassesCount=13649]
05-04-2019 18:12:10 1554480730077 Metric[classloading.unloadedClassCount=0]
05-04-2019 18:12:10 1554480730077 Metric[executionService.userExecutorQueueSize=0]
05-04-2019 18:12:10 1554480730077 Metric[file.partition[user.home].freeSpace=108559917056]
05-04-2019 18:12:10 1554480730077 Metric[file.partition[user.home].totalSpace=478977880064]
05-04-2019 18:12:10 1554480730077 Metric[file.partition[user.home].usableSpace=108559917056]
05-04-2019 18:12:10 1554480730077 Metric[gc.majorCount=0]
05-04-2019 18:12:10 1554480730077 Metric[gc.majorTime=0]
05-04-2019 18:12:10 1554480730077 Metric[gc.minorCount=166]
05-04-2019 18:12:10 1554480730077 Metric[gc.minorTime=383]
05-04-2019 18:12:10 1554480730077 Metric[gc.unknownCount=0]
05-04-2019 18:12:10 1554480730077 Metric[gc.unknownTime=0]
05-04-2019 18:12:10 1554480730077 Metric[invocations.maxCurrentInvocations=2147483647]
05-04-2019 18:12:10 1554480730077 Metric[invocations.pendingCalls=1]
05-04-2019 18:12:10 1554480730077 Metric[invocations.startedInvocations=749449]
05-04-2019 18:12:10 1554480730077 Metric[listeners.eventHandlerCount=2]
05-04-2019 18:12:10 1554480730077 Metric[listeners.eventQueueSize=0]
05-04-2019 18:12:10 1554480730077 Metric[listeners.eventsProcessed=32]
05-04-2019 18:12:10 1554480730077 Metric[memory.committedHeap=206569472]
05-04-2019 18:12:10 1554480730077 Metric[memory.committedNative=0]
05-04-2019 18:12:10 1554480730077 Metric[memory.freeHeap=35241984]
05-04-2019 18:12:10 1554480730077 Metric[memory.freeNative=0]
05-04-2019 18:12:10 1554480730077 Metric[memory.freePhysical=-1]
05-04-2019 18:12:10 1554480730077 Metric[memory.maxHeap=4269801472]
05-04-2019 18:12:10 1554480730077 Metric[memory.maxMetadata=0]
05-04-2019 18:12:10 1554480730077 Metric[memory.maxNative=0]
05-04-2019 18:12:10 1554480730077 Metric[memory.totalPhysical=-1]
05-04-2019 18:12:10 1554480730077 Metric[memory.usedHeap=171333008]
05-04-2019 18:12:10 1554480730077 Metric[memory.usedMetadata=0]
05-04-2019 18:12:10 1554480730077 Metric[memory.usedNative=0]
05-04-2019 18:12:10 1554480730077 Metric[os.systemLoadAverage=-1.0]
05-04-2019 18:12:10 1554480730077 Metric[runtime.availableProcessors=12]
05-04-2019 18:12:10 1554480730077 Metric[runtime.freeMemory=35236464]
05-04-2019 18:12:10 1554480730077 Metric[runtime.maxMemory=4269801472]
05-04-2019 18:12:10 1554480730077 Metric[runtime.totalMemory=206569472]
05-04-2019 18:12:10 1554480730077 Metric[runtime.uptime=363677]
05-04-2019 18:12:10 1554480730077 Metric[runtime.usedMemory=171333008]
05-04-2019 18:12:10 1554480730077 Metric[thread.daemonThreadCount=9]
05-04-2019 18:12:10 1554480730077 Metric[thread.peakThreadCount=29]
05-04-2019 18:12:10 1554480730077 Metric[thread.threadCount=28]
05-04-2019 18:12:10 1554480730077 Metric[thread.totalStartedThreadCount=52]
05-04-2019 18:13:10 1554480790077 Metric[classloading.loadedClassesCount=13652]
05-04-2019 18:13:10 1554480790077 Metric[classloading.totalLoadedClassesCount=13652]
05-04-2019 18:13:10 1554480790077 Metric[classloading.unloadedClassCount=0]
05-04-2019 18:13:10 1554480790077 Metric[executionService.userExecutorQueueSize=0]
05-04-2019 18:13:10 1554480790077 Metric[file.partition[user.home].freeSpace=108559052800]
05-04-2019 18:13:10 1554480790077 Metric[file.partition[user.home].totalSpace=478977880064]
05-04-2019 18:13:10 1554480790077 Metric[file.partition[user.home].usableSpace=108559052800]
05-04-2019 18:13:10 1554480790077 Metric[gc.majorCount=0]
05-04-2019 18:13:10 1554480790077 Metric[gc.majorTime=0]
05-04-2019 18:13:10 1554480790077 Metric[gc.minorCount=189]
05-04-2019 18:13:10 1554480790077 Metric[gc.minorTime=424]
05-04-2019 18:13:10 1554480790077 Metric[gc.unknownCount=0]
05-04-2019 18:13:10 1554480790077 Metric[gc.unknownTime=0]
05-04-2019 18:13:10 1554480790077 Metric[invocations.maxCurrentInvocations=2147483647]
05-04-2019 18:13:10 1554480790077 Metric[invocations.pendingCalls=1]
05-04-2019 18:13:10 1554480790077 Metric[invocations.startedInvocations=878607]
05-04-2019 18:13:10 1554480790077 Metric[listeners.eventHandlerCount=2]
05-04-2019 18:13:10 1554480790077 Metric[listeners.eventQueueSize=0]
05-04-2019 18:13:10 1554480790077 Metric[listeners.eventsProcessed=37]
05-04-2019 18:13:10 1554480790077 Metric[memory.committedHeap=206569472]
05-04-2019 18:13:10 1554480790077 Metric[memory.committedNative=0]
05-04-2019 18:13:10 1554480790077 Metric[memory.freeHeap=72945424]
05-04-2019 18:13:10 1554480790077 Metric[memory.freeNative=0]
05-04-2019 18:13:10 1554480790077 Metric[memory.freePhysical=-1]
05-04-2019 18:13:10 1554480790077 Metric[memory.maxHeap=4269801472]
05-04-2019 18:13:10 1554480790077 Metric[memory.maxMetadata=0]
05-04-2019 18:13:10 1554480790077 Metric[memory.maxNative=0]
05-04-2019 18:13:10 1554480790077 Metric[memory.totalPhysical=-1]
05-04-2019 18:13:10 1554480790077 Metric[memory.usedHeap=133629896]
05-04-2019 18:13:10 1554480790077 Metric[memory.usedMetadata=0]
05-04-2019 18:13:10 1554480790077 Metric[memory.usedNative=0]
05-04-2019 18:13:10 1554480790077 Metric[os.systemLoadAverage=-1.0]
05-04-2019 18:13:10 1554480790077 Metric[runtime.availableProcessors=12]
05-04-2019 18:13:10 1554480790077 Metric[runtime.freeMemory=72939576]
05-04-2019 18:13:10 1554480790077 Metric[runtime.maxMemory=4269801472]
05-04-2019 18:13:10 1554480790077 Metric[runtime.totalMemory=206569472]
05-04-2019 18:13:10 1554480790077 Metric[runtime.uptime=423677]
05-04-2019 18:13:10 1554480790077 Metric[runtime.usedMemory=133629896]
05-04-2019 18:13:10 1554480790077 Metric[thread.daemonThreadCount=9]
05-04-2019 18:13:10 1554480790077 Metric[thread.peakThreadCount=29]
05-04-2019 18:13:10 1554480790077 Metric[thread.threadCount=28]
05-04-2019 18:13:10 1554480790077 Metric[thread.totalStartedThreadCount=53]
05-04-2019 18:14:10 1554480850078 Metric[classloading.loadedClassesCount=13652]
05-04-2019 18:14:10 1554480850078 Metric[classloading.totalLoadedClassesCount=13652]
05-04-2019 18:14:10 1554480850078 Metric[classloading.unloadedClassCount=0]
05-04-2019 18:14:10 1554480850078 Metric[executionService.userExecutorQueueSize=0]
05-04-2019 18:14:10 1554480850078 Metric[file.partition[user.home].freeSpace=108558237696]
05-04-2019 18:14:10 1554480850078 Metric[file.partition[user.home].totalSpace=478977880064]
05-04-2019 18:14:10 1554480850078 Metric[file.partition[user.home].usableSpace=108558237696]
05-04-2019 18:14:10 1554480850078 Metric[gc.majorCount=0]
05-04-2019 18:14:10 1554480850078 Metric[gc.majorTime=0]
05-04-2019 18:14:10 1554480850078 Metric[gc.minorCount=212]
05-04-2019 18:14:10 1554480850078 Metric[gc.minorTime=462]
05-04-2019 18:14:10 1554480850078 Metric[gc.unknownCount=0]
05-04-2019 18:14:10 1554480850078 Metric[gc.unknownTime=0]
05-04-2019 18:14:10 1554480850078 Metric[invocations.maxCurrentInvocations=2147483647]
05-04-2019 18:14:10 1554480850078 Metric[invocations.pendingCalls=1]
05-04-2019 18:14:10 1554480850078 Metric[invocations.startedInvocations=1008668]
05-04-2019 18:14:10 1554480850078 Metric[listeners.eventHandlerCount=2]
05-04-2019 18:14:10 1554480850078 Metric[listeners.eventQueueSize=0]
05-04-2019 18:14:10 1554480850078 Metric[listeners.eventsProcessed=42]
05-04-2019 18:14:10 1554480850078 Metric[memory.committedHeap=206569472]
05-04-2019 18:14:10 1554480850078 Metric[memory.committedNative=0]
05-04-2019 18:14:10 1554480850078 Metric[memory.freeHeap=87856840]
05-04-2019 18:14:10 1554480850078 Metric[memory.freeNative=0]
05-04-2019 18:14:10 1554480850078 Metric[memory.freePhysical=-1]
05-04-2019 18:14:10 1554480850078 Metric[memory.maxHeap=4269801472]
05-04-2019 18:14:10 1554480850078 Metric[memory.maxMetadata=0]
05-04-2019 18:14:10 1554480850078 Metric[memory.maxNative=0]
05-04-2019 18:14:10 1554480850078 Metric[memory.totalPhysical=-1]
05-04-2019 18:14:10 1554480850078 Metric[memory.usedHeap=118718480]
05-04-2019 18:14:10 1554480850078 Metric[memory.usedMetadata=0]
05-04-2019 18:14:10 1554480850078 Metric[memory.usedNative=0]
05-04-2019 18:14:10 1554480850078 Metric[os.systemLoadAverage=-1.0]
05-04-2019 18:14:10 1554480850078 Metric[runtime.availableProcessors=12]
05-04-2019 18:14:10 1554480850078 Metric[runtime.freeMemory=87850992]
05-04-2019 18:14:10 1554480850078 Metric[runtime.maxMemory=4269801472]
05-04-2019 18:14:10 1554480850078 Metric[runtime.totalMemory=206569472]
05-04-2019 18:14:10 1554480850078 Metric[runtime.uptime=483677]
05-04-2019 18:14:10 1554480850078 Metric[runtime.usedMemory=118718480]
05-04-2019 18:14:10 1554480850078 Metric[thread.daemonThreadCount=9]
05-04-2019 18:14:10 1554480850078 Metric[thread.peakThreadCount=29]
05-04-2019 18:14:10 1554480850078 Metric[thread.threadCount=28]
05-04-2019 18:14:10 1554480850078 Metric[thread.totalStartedThreadCount=54]
05-04-2019 18:15:10 1554480910077 Metric[classloading.loadedClassesCount=13652]
05-04-2019 18:15:10 1554480910077 Metric[classloading.totalLoadedClassesCount=13652]
05-04-2019 18:15:10 1554480910077 Metric[classloading.unloadedClassCount=0]
05-04-2019 18:15:10 1554480910077 Metric[executionService.userExecutorQueueSize=0]
05-04-2019 18:15:10 1554480910077 Metric[file.partition[user.home].freeSpace=108557889536]
05-04-2019 18:15:10 1554480910077 Metric[file.partition[user.home].totalSpace=478977880064]
05-04-2019 18:15:10 1554480910077 Metric[file.partition[user.home].usableSpace=108557889536]
05-04-2019 18:15:10 1554480910077 Metric[gc.majorCount=0]
05-04-2019 18:15:10 1554480910077 Metric[gc.majorTime=0]
05-04-2019 18:15:10 1554480910077 Metric[gc.minorCount=238]
05-04-2019 18:15:10 1554480910077 Metric[gc.minorTime=506]
05-04-2019 18:15:10 1554480910077 Metric[gc.unknownCount=0]
05-04-2019 18:15:10 1554480910077 Metric[gc.unknownTime=0]
05-04-2019 18:15:10 1554480910077 Metric[invocations.maxCurrentInvocations=2147483647]
05-04-2019 18:15:10 1554480910077 Metric[invocations.pendingCalls=1]
05-04-2019 18:15:10 1554480910077 Metric[invocations.startedInvocations=1138808]
05-04-2019 18:15:10 1554480910077 Metric[listeners.eventHandlerCount=2]
05-04-2019 18:15:10 1554480910077 Metric[listeners.eventQueueSize=0]
05-04-2019 18:15:10 1554480910077 Metric[listeners.eventsProcessed=47]
05-04-2019 18:15:10 1554480910077 Metric[memory.committedHeap=206569472]
05-04-2019 18:15:10 1554480910077 Metric[memory.committedNative=0]
05-04-2019 18:15:10 1554480910077 Metric[memory.freeHeap=77110832]
05-04-2019 18:15:10 1554480910077 Metric[memory.freeNative=0]
05-04-2019 18:15:10 1554480910077 Metric[memory.freePhysical=-1]
05-04-2019 18:15:10 1554480910077 Metric[memory.maxHeap=4269801472]
05-04-2019 18:15:10 1554480910077 Metric[memory.maxMetadata=0]
05-04-2019 18:15:10 1554480910077 Metric[memory.maxNative=0]
05-04-2019 18:15:10 1554480910077 Metric[memory.totalPhysical=-1]
05-04-2019 18:15:10 1554480910077 Metric[memory.usedHeap=129464728]
05-04-2019 18:15:10 1554480910077 Metric[memory.usedMetadata=0]
05-04-2019 18:15:10 1554480910077 Metric[memory.usedNative=0]
05-04-2019 18:15:10 1554480910077 Metric[os.systemLoadAverage=-1.0]
05-04-2019 18:15:10 1554480910077 Metric[runtime.availableProcessors=12]
05-04-2019 18:15:10 1554480910077 Metric[runtime.freeMemory=77104744]
05-04-2019 18:15:10 1554480910077 Metric[runtime.maxMemory=4269801472]
05-04-2019 18:15:10 1554480910077 Metric[runtime.totalMemory=206569472]
05-04-2019 18:15:10 1554480910077 Metric[runtime.uptime=543675]
05-04-2019 18:15:10 1554480910077 Metric[runtime.usedMemory=129464728]
05-04-2019 18:15:10 1554480910077 Metric[thread.daemonThreadCount=9]
05-04-2019 18:15:10 1554480910077 Metric[thread.peakThreadCount=29]
05-04-2019 18:15:10 1554480910077 Metric[thread.threadCount=28]
05-04-2019 18:15:10 1554480910077 Metric[thread.totalStartedThreadCount=55]
05-04-2019 18:16:10 1554480970076 Metric[classloading.loadedClassesCount=13652]
05-04-2019 18:16:10 1554480970076 Metric[classloading.totalLoadedClassesCount=13652]
05-04-2019 18:16:10 1554480970076 Metric[classloading.unloadedClassCount=0]
05-04-2019 18:16:10 1554480970076 Metric[executionService.userExecutorQueueSize=0]
05-04-2019 18:16:10 1554480970076 Metric[file.partition[user.home].freeSpace=108558585856]
05-04-2019 18:16:10 1554480970076 Metric[file.partition[user.home].totalSpace=478977880064]
05-04-2019 18:16:10 1554480970076 Metric[file.partition[user.home].usableSpace=108558585856]
05-04-2019 18:16:10 1554480970076 Metric[gc.majorCount=0]
05-04-2019 18:16:10 1554480970076 Metric[gc.majorTime=0]
05-04-2019 18:16:10 1554480970076 Metric[gc.minorCount=264]
05-04-2019 18:16:10 1554480970076 Metric[gc.minorTime=549]
05-04-2019 18:16:10 1554480970076 Metric[gc.unknownCount=0]
05-04-2019 18:16:10 1554480970076 Metric[gc.unknownTime=0]
05-04-2019 18:16:10 1554480970076 Metric[invocations.maxCurrentInvocations=2147483647]
05-04-2019 18:16:10 1554480970076 Metric[invocations.pendingCalls=1]
05-04-2019 18:16:10 1554480970076 Metric[invocations.startedInvocations=1268604]
05-04-2019 18:16:10 1554480970076 Metric[listeners.eventHandlerCount=2]
05-04-2019 18:16:10 1554480970076 Metric[listeners.eventQueueSize=0]
05-04-2019 18:16:10 1554480970076 Metric[listeners.eventsProcessed=52]
05-04-2019 18:16:10 1554480970076 Metric[memory.committedHeap=206569472]
05-04-2019 18:16:10 1554480970076 Metric[memory.committedNative=0]
05-04-2019 18:16:10 1554480970076 Metric[memory.freeHeap=28857728]
05-04-2019 18:16:10 1554480970076 Metric[memory.freeNative=0]
05-04-2019 18:16:10 1554480970076 Metric[memory.freePhysical=-1]
05-04-2019 18:16:10 1554480970076 Metric[memory.maxHeap=4269801472]
05-04-2019 18:16:10 1554480970076 Metric[memory.maxMetadata=0]
05-04-2019 18:16:10 1554480970076 Metric[memory.maxNative=0]
05-04-2019 18:16:10 1554480970076 Metric[memory.totalPhysical=-1]
05-04-2019 18:16:10 1554480970076 Metric[memory.usedHeap=177717264]
05-04-2019 18:16:10 1554480970076 Metric[memory.usedMetadata=0]
05-04-2019 18:16:10 1554480970076 Metric[memory.usedNative=0]
05-04-2019 18:16:10 1554480970076 Metric[os.systemLoadAverage=-1.0]
05-04-2019 18:16:10 1554480970076 Metric[runtime.availableProcessors=12]
05-04-2019 18:16:10 1554480970076 Metric[runtime.freeMemory=28852208]
05-04-2019 18:16:10 1554480970076 Metric[runtime.maxMemory=4269801472]
05-04-2019 18:16:10 1554480970076 Metric[runtime.totalMemory=206569472]
05-04-2019 18:16:10 1554480970076 Metric[runtime.uptime=603676]
05-04-2019 18:16:10 1554480970076 Metric[runtime.usedMemory=177717264]
05-04-2019 18:16:10 1554480970076 Metric[thread.daemonThreadCount=9]
05-04-2019 18:16:10 1554480970076 Metric[thread.peakThreadCount=29]
05-04-2019 18:16:10 1554480970076 Metric[thread.threadCount=28]
05-04-2019 18:16:10 1554480970076 Metric[thread.totalStartedThreadCount=56]
05-04-2019 18:17:10 1554481030078 Metric[classloading.loadedClassesCount=13652]
05-04-2019 18:17:10 1554481030078 Metric[classloading.totalLoadedClassesCount=13652]
05-04-2019 18:17:10 1554481030078 Metric[classloading.unloadedClassCount=0]
05-04-2019 18:17:10 1554481030078 Metric[executionService.userExecutorQueueSize=0]
05-04-2019 18:17:10 1554481030078 Metric[file.partition[user.home].freeSpace=108556599296]
05-04-2019 18:17:10 1554481030078 Metric[file.partition[user.home].totalSpace=478977880064]
05-04-2019 18:17:10 1554481030078 Metric[file.partition[user.home].usableSpace=108556599296]
05-04-2019 18:17:10 1554481030078 Metric[gc.majorCount=0]
05-04-2019 18:17:10 1554481030078 Metric[gc.majorTime=0]
05-04-2019 18:17:10 1554481030078 Metric[gc.minorCount=293]
05-04-2019 18:17:10 1554481030078 Metric[gc.minorTime=596]
05-04-2019 18:17:10 1554481030078 Metric[gc.unknownCount=0]
05-04-2019 18:17:10 1554481030078 Metric[gc.unknownTime=0]
05-04-2019 18:17:10 1554481030078 Metric[invocations.maxCurrentInvocations=2147483647]
05-04-2019 18:17:10 1554481030078 Metric[invocations.pendingCalls=1]
05-04-2019 18:17:10 1554481030078 Metric[invocations.startedInvocations=1398542]
05-04-2019 18:17:10 1554481030078 Metric[listeners.eventHandlerCount=2]
05-04-2019 18:17:10 1554481030078 Metric[listeners.eventQueueSize=0]
05-04-2019 18:17:10 1554481030078 Metric[listeners.eventsProcessed=57]
05-04-2019 18:17:10 1554481030078 Metric[memory.committedHeap=206569472]
05-04-2019 18:17:10 1554481030078 Metric[memory.committedNative=0]
05-04-2019 18:17:10 1554481030078 Metric[memory.freeHeap=60632384]
05-04-2019 18:17:10 1554481030078 Metric[memory.freeNative=0]
05-04-2019 18:17:10 1554481030078 Metric[memory.freePhysical=-1]
05-04-2019 18:17:10 1554481030078 Metric[memory.maxHeap=4269801472]
05-04-2019 18:17:10 1554481030078 Metric[memory.maxMetadata=0]
05-04-2019 18:17:10 1554481030078 Metric[memory.maxNative=0]
05-04-2019 18:17:10 1554481030078 Metric[memory.totalPhysical=-1]
05-04-2019 18:17:10 1554481030078 Metric[memory.usedHeap=145942936]
05-04-2019 18:17:10 1554481030078 Metric[memory.usedMetadata=0]
05-04-2019 18:17:10 1554481030078 Metric[memory.usedNative=0]
05-04-2019 18:17:10 1554481030078 Metric[os.systemLoadAverage=-1.0]
05-04-2019 18:17:10 1554481030078 Metric[runtime.availableProcessors=12]
05-04-2019 18:17:10 1554481030078 Metric[runtime.freeMemory=60626536]
05-04-2019 18:17:10 1554481030078 Metric[runtime.maxMemory=4269801472]
05-04-2019 18:17:10 1554481030078 Metric[runtime.totalMemory=206569472]
05-04-2019 18:17:10 1554481030078 Metric[runtime.uptime=663677]
05-04-2019 18:17:10 1554481030078 Metric[runtime.usedMemory=145942936]
05-04-2019 18:17:10 1554481030078 Metric[thread.daemonThreadCount=9]
05-04-2019 18:17:10 1554481030078 Metric[thread.peakThreadCount=29]
05-04-2019 18:17:10 1554481030078 Metric[thread.threadCount=28]
05-04-2019 18:17:10 1554481030078 Metric[thread.totalStartedThreadCount=57]
05-04-2019 18:18:10 1554481090076 Metric[classloading.loadedClassesCount=13652]
05-04-2019 18:18:10 1554481090076 Metric[classloading.totalLoadedClassesCount=13652]
05-04-2019 18:18:10 1554481090076 Metric[classloading.unloadedClassCount=0]
05-04-2019 18:18:10 1554481090076 Metric[executionService.userExecutorQueueSize=0]
05-04-2019 18:18:10 1554481090076 Metric[file.partition[user.home].freeSpace=108554850304]
05-04-2019 18:18:10 1554481090076 Metric[file.partition[user.home].totalSpace=478977880064]
05-04-2019 18:18:10 1554481090076 Metric[file.partition[user.home].usableSpace=108554850304]
05-04-2019 18:18:10 1554481090076 Metric[gc.majorCount=0]
05-04-2019 18:18:10 1554481090076 Metric[gc.majorTime=0]
05-04-2019 18:18:10 1554481090076 Metric[gc.minorCount=323]
05-04-2019 18:18:10 1554481090076 Metric[gc.minorTime=644]
05-04-2019 18:18:10 1554481090076 Metric[gc.unknownCount=0]
05-04-2019 18:18:10 1554481090076 Metric[gc.unknownTime=0]
05-04-2019 18:18:10 1554481090076 Metric[invocations.maxCurrentInvocations=2147483647]
05-04-2019 18:18:10 1554481090076 Metric[invocations.pendingCalls=0]
05-04-2019 18:18:10 1554481090076 Metric[invocations.startedInvocations=1528419]
05-04-2019 18:18:10 1554481090076 Metric[listeners.eventHandlerCount=2]
05-04-2019 18:18:10 1554481090076 Metric[listeners.eventQueueSize=0]
05-04-2019 18:18:10 1554481090076 Metric[listeners.eventsProcessed=62]
05-04-2019 18:18:10 1554481090076 Metric[memory.committedHeap=206569472]
05-04-2019 18:18:10 1554481090076 Metric[memory.committedNative=0]
05-04-2019 18:18:10 1554481090076 Metric[memory.freeHeap=30644160]
05-04-2019 18:18:10 1554481090076 Metric[memory.freeNative=0]
05-04-2019 18:18:10 1554481090076 Metric[memory.freePhysical=-1]
05-04-2019 18:18:10 1554481090076 Metric[memory.maxHeap=4269801472]
05-04-2019 18:18:10 1554481090076 Metric[memory.maxMetadata=0]
05-04-2019 18:18:10 1554481090076 Metric[memory.maxNative=0]
05-04-2019 18:18:10 1554481090076 Metric[memory.totalPhysical=-1]
05-04-2019 18:18:10 1554481090076 Metric[memory.usedHeap=175931656]
05-04-2019 18:18:10 1554481090076 Metric[memory.usedMetadata=0]
05-04-2019 18:18:10 1554481090076 Metric[memory.usedNative=0]
05-04-2019 18:18:10 1554481090076 Metric[os.systemLoadAverage=-1.0]
05-04-2019 18:18:10 1554481090076 Metric[runtime.availableProcessors=12]
05-04-2019 18:18:10 1554481090076 Metric[runtime.freeMemory=30113528]
05-04-2019 18:18:10 1554481090076 Metric[runtime.maxMemory=4269801472]
05-04-2019 18:18:10 1554481090076 Metric[runtime.totalMemory=206569472]
05-04-2019 18:18:10 1554481090076 Metric[runtime.uptime=723675]
05-04-2019 18:18:10 1554481090076 Metric[runtime.usedMemory=176455944]
05-04-2019 18:18:10 1554481090076 Metric[thread.daemonThreadCount=9]
05-04-2019 18:18:10 1554481090076 Metric[thread.peakThreadCount=29]
05-04-2019 18:18:10 1554481090076 Metric[thread.threadCount=28]
05-04-2019 18:18:10 1554481090076 Metric[thread.totalStartedThreadCount=58]
05-04-2019 18:19:10 1554481150077 Metric[classloading.loadedClassesCount=13652]
05-04-2019 18:19:10 1554481150077 Metric[classloading.totalLoadedClassesCount=13652]
05-04-2019 18:19:10 1554481150077 Metric[classloading.unloadedClassCount=0]
05-04-2019 18:19:10 1554481150077 Metric[executionService.userExecutorQueueSize=0]
05-04-2019 18:19:10 1554481150077 Metric[file.partition[user.home].freeSpace=108554301440]
05-04-2019 18:19:10 1554481150077 Metric[file.partition[user.home].totalSpace=478977880064]
05-04-2019 18:19:10 1554481150077 Metric[file.partition[user.home].usableSpace=108554301440]
05-04-2019 18:19:10 1554481150077 Metric[gc.majorCount=0]
05-04-2019 18:19:10 1554481150077 Metric[gc.majorTime=0]
05-04-2019 18:19:10 1554481150077 Metric[gc.minorCount=356]
05-04-2019 18:19:10 1554481150077 Metric[gc.minorTime=695]
05-04-2019 18:19:10 1554481150077 Metric[gc.unknownCount=0]
05-04-2019 18:19:10 1554481150077 Metric[gc.unknownTime=0]
05-04-2019 18:19:10 1554481150077 Metric[invocations.maxCurrentInvocations=2147483647]
05-04-2019 18:19:10 1554481150077 Metric[invocations.pendingCalls=0]
05-04-2019 18:19:10 1554481150077 Metric[invocations.startedInvocations=1658339]
05-04-2019 18:19:10 1554481150077 Metric[listeners.eventHandlerCount=2]
05-04-2019 18:19:10 1554481150077 Metric[listeners.eventQueueSize=0]
05-04-2019 18:19:10 1554481150077 Metric[listeners.eventsProcessed=67]
05-04-2019 18:19:10 1554481150077 Metric[memory.committedHeap=206569472]
05-04-2019 18:19:10 1554481150077 Metric[memory.committedNative=0]
05-04-2019 18:19:10 1554481150077 Metric[memory.freeHeap=37860768]
05-04-2019 18:19:10 1554481150077 Metric[memory.freeNative=0]
05-04-2019 18:19:10 1554481150077 Metric[memory.freePhysical=-1]
05-04-2019 18:19:10 1554481150077 Metric[memory.maxHeap=4269801472]
05-04-2019 18:19:10 1554481150077 Metric[memory.maxMetadata=0]
05-04-2019 18:19:10 1554481150077 Metric[memory.maxNative=0]
05-04-2019 18:19:10 1554481150077 Metric[memory.totalPhysical=-1]
05-04-2019 18:19:10 1554481150077 Metric[memory.usedHeap=168714112]
05-04-2019 18:19:10 1554481150077 Metric[memory.usedMetadata=0]
05-04-2019 18:19:10 1554481150077 Metric[memory.usedNative=0]
05-04-2019 18:19:10 1554481150077 Metric[os.systemLoadAverage=-1.0]
05-04-2019 18:19:10 1554481150077 Metric[runtime.availableProcessors=12]
05-04-2019 18:19:10 1554481150077 Metric[runtime.freeMemory=37855360]
05-04-2019 18:19:10 1554481150077 Metric[runtime.maxMemory=4269801472]
05-04-2019 18:19:10 1554481150077 Metric[runtime.totalMemory=206569472]
05-04-2019 18:19:10 1554481150077 Metric[runtime.uptime=783675]
05-04-2019 18:19:10 1554481150077 Metric[runtime.usedMemory=168714112]
05-04-2019 18:19:10 1554481150077 Metric[thread.daemonThreadCount=9]
05-04-2019 18:19:10 1554481150077 Metric[thread.peakThreadCount=29]
05-04-2019 18:19:10 1554481150077 Metric[thread.threadCount=28]
05-04-2019 18:19:10 1554481150077 Metric[thread.totalStartedThreadCount=59]
