04-04-2019 23:41:13 1554414073107 BuildInfo[
                          Build=20190216
                          BuildNumber=20190216
                          Revision=e302506
                          Version=3.11.2
                          SerialVersion=1
                          Enterprise=false]
04-04-2019 23:41:13 1554414073107 ConfigProperties[]
04-04-2019 23:41:13 1554414073107 SystemProperties[
                          hazelcast.diagnostics.enabled=true
                          hazelcast.logging.type=jdk
                          java.class.path=C:\Software\IntelliJIDEA2018.3.5\lib\idea_rt.jar;C:\Software\IntelliJIDEA2018.3.5\plugins\junit\lib\junit-rt.jar;C:\Software\IntelliJIDEA2018.3.5\plugins\junit\lib\junit5-rt.jar;C:\Users\GedMarc\.m2\repository\org\junit\platform\junit-platform-launcher\1.4.0\junit-platform-launcher-1.4.0.jar;C:\Users\GedMarc\.m2\repository\org\apiguardian\apiguardian-api\1.0.0\apiguardian-api-1.0.0.jar;C:\Users\GedMarc\.m2\repository\org\junit\platform\junit-platform-engine\1.4.0\junit-platform-engine-1.4.0.jar;C:\Users\GedMarc\.m2\repository\org\opentest4j\opentest4j\1.1.1\opentest4j-1.1.1.jar;C:\Users\GedMarc\.m2\repository\org\junit\platform\junit-platform-commons\1.4.0\junit-platform-commons-1.4.0.jar;C:\Users\GedMarc\.m2\repository\org\junit\jupiter\junit-jupiter-engine\5.4.0\junit-jupiter-engine-5.4.0.jar;C:\Users\GedMarc\.m2\repository\org\junit\jupiter\junit-jupiter-api\5.4.0\junit-jupiter-api-5.4.0.jar;C:\AESoft\Programs\ActivityMaster\ProfileMaster\target\test-classes;C:\AESoft\Programs\ActivityMaster\ProfileMaster\target\classes;C:\AESoft\Programs\ActivityMaster\ActivityMaster\target\classes;C:\AESoft\Programs\GuicedEE\Persistence\GuicedPersistence-BTM\target\classes;C:\AESoft\Programs\GuicedEE\Persistence\GuicedPersistence\target\classes;C:\AESoft\Programs\ThirdParty\json\target\classes;C:\AESoft\Maven Repository\com\jwebmp\inject\extensions\guice-persist\0.0.0_0-SNAPSHOT\guice-persist-0.0.0_0-20190318.103340-51.jar;C:\AESoft\Maven Repository\javax\persistence\javax.persistence-api\2.2\javax.persistence-api-2.2.jar;C:\AESoft\Programs\GuicedEE\Persistence\GuicedPersistence-HibernatePropertiesReader\target\classes;C:\AESoft\Maven Repository\org\hibernate\validator\hibernate-validator\6.0.14.Final\hibernate-validator-6.0.14.Final.jar;C:\AESoft\Maven Repository\javax\transaction\javax.transaction-api\1.3\javax.transaction-api-1.3.jar;C:\AESoft\Programs\GuicedEE\Persistence\btm\target\classes;C:\AESoft\Maven Repository\javax\jms\jms\1.1\jms-1.1.jar;C:\AESoft\Programs\GuicedEE\Persistence\GuicedHazelcast\target\classes;C:\AESoft\Maven Repository\org\hibernate\hibernate-core\5.4.1.Final\hibernate-core-5.4.1.Final.jar;C:\AESoft\Maven Repository\org\javassist\javassist\3.24.0-GA\javassist-3.24.0-GA.jar;C:\AESoft\Maven Repository\antlr\antlr\2.7.7\antlr-2.7.7.jar;C:\AESoft\Maven Repository\org\jboss\jandex\2.0.5.Final\jandex-2.0.5.Final.jar;C:\AESoft\Maven Repository\com\fasterxml\classmate\1.3.4\classmate-1.3.4.jar;C:\AESoft\Maven Repository\org\dom4j\dom4j\2.1.1\dom4j-2.1.1.jar;C:\AESoft\Maven Repository\org\hibernate\common\hibernate-commons-annotations\5.1.0.Final\hibernate-commons-annotations-5.1.0.Final.jar;C:\AESoft\Maven Repository\org\hibernate\hibernate-jcache\5.4.1.Final\hibernate-jcache-5.4.1.Final.jar;C:\AESoft\Maven Repository\com\hazelcast\hazelcast-all\3.11.2\hazelcast-all-3.11.2.jar;C:\AESoft\Programs\ThirdParty\commons\commons-io\target\classes;C:\AESoft\Programs\GuicedEE\Persistence\EntityAssist\target\classes;C:\AESoft\Programs\ThirdParty\commons\commons-text\target\classes;C:\AESoft\Programs\ThirdParty\commons\commons-lang\target\classes;C:\AESoft\Maven Repository\javax\annotation\jsr250-api\1.0\jsr250-api-1.0.jar;C:\AESoft\Maven Repository\org\hibernate\hibernate-jpamodelgen\5.4.1.Final\hibernate-jpamodelgen-5.4.1.Final.jar;C:\AESoft\Maven Repository\org\jboss\logging\jboss-logging\3.3.2.Final\jboss-logging-3.3.2.Final.jar;C:\AESoft\Maven Repository\org\glassfish\jaxb\jaxb-runtime\2.3.1\jaxb-runtime-2.3.1.jar;C:\AESoft\Maven Repository\org\glassfish\jaxb\txw2\2.3.1\txw2-2.3.1.jar;C:\AESoft\Maven Repository\com\sun\istack\istack-commons-runtime\3.0.7\istack-commons-runtime-3.0.7.jar;C:\AESoft\Maven Repository\org\jvnet\staxex\stax-ex\1.8\stax-ex-1.8.jar;C:\AESoft\Maven Repository\com\sun\xml\fastinfoset\FastInfoset\1.2.15\FastInfoset-1.2.15.jar;C:\AESoft\Maven Repository\javax\xml\bind\jaxb-api\2.3.0\jaxb-api-2.3.0.jar;C:\AESoft\Maven Repository\com\microsoft\sqlserver\mssql-jdbc\7.0.0.jre10\mssql-jdbc-7.0.0.jre10.jar;C:\AESoft\Maven Repository\org\jsr107\ri\cache-annotations-ri-guice\1.1.0\cache-annotations-ri-guice-1.1.0.jar;C:\AESoft\Maven Repository\javax\cache\cache-api\1.1.0\cache-api-1.1.0.jar;C:\AESoft\Maven Repository\org\jsr107\ri\cache-annotations-ri-common\1.1.0\cache-annotations-ri-common-1.1.0.jar;C:\AESoft\Programs\ActivityMaster\ActivityMaster\target\test-classes;C:\AESoft\Programs\ThirdParty\uadetector\UADetector-Core\target\classes;C:\AESoft\Maven Repository\com\google\guava\guava\26.0-jre\guava-26.0-jre.jar;C:\AESoft\Maven Repository\org\checkerframework\checker-qual\2.5.2\checker-qual-2.5.2.jar;C:\AESoft\Maven Repository\com\google\errorprone\error_prone_annotations\2.3.2\error_prone_annotations-2.3.2.jar;C:\AESoft\Maven Repository\com\google\j2objc\j2objc-annotations\1.1\j2objc-annotations-1.1.jar;C:\AESoft\Maven Repository\org\codehaus\mojo\animal-sniffer-annotations\1.14\animal-sniffer-annotations-1.14.jar;C:\AESoft\Maven Repository\javax\activation\javax.activation-api\1.2.0\javax.activation-api-1.2.0.jar;C:\AESoft\Maven Repository\javax\validation\validation-api\2.0.1.Final\validation-api-2.0.1.Final.jar;C:\AESoft\Programs\GuicedEE\Servlets\GuicedServlets\target\classes;C:\AESoft\Programs\GuicedEE\GuiceInjection\target\classes;C:\AESoft\Programs\GuicedEE\LogMaster\target\classes;C:\AESoft\Programs\ThirdParty\aopalliance\target\classes;C:\AESoft\Maven Repository\io\github\classgraph\classgraph\4.8.12\classgraph-4.8.12.jar;C:\AESoft\Maven Repository\com\jwebmp\inject\guice\0.0.0_0-SNAPSHOT\guice-0.0.0_0-20190318.102622-54.jar;C:\AESoft\Programs\ThirdParty\javax-inject\target\classes;C:\AESoft\Programs\ThirdParty\fasterxml\jackson-databind\target\classes;C:\AESoft\Programs\ThirdParty\fasterxml\jackson-core\target\classes;C:\AESoft\Programs\ThirdParty\fasterxml\jackson-annotations\target\classes;C:\AESoft\Programs\ThirdParty\fasterxml\jackson-guice\target\classes;C:\AESoft\Programs\ThirdParty\fasterxml\jackson-datatypes\target\classes;C:\AESoft\Maven Repository\javax\servlet\javax.servlet-api\3.1.0\javax.servlet-api-3.1.0.jar;C:\AESoft\Maven Repository\com\jwebmp\inject\extensions\guice-servlet\0.0.0_0-SNAPSHOT\guice-servlet-0.0.0_0-20190318.104148-49.jar;C:\AESoft\Programs\GuicedEE\Servlets\GuicedServlets\target\test-classes;C:\AESoft\Maven Repository\org\mapstruct\mapstruct\1.3.0.Final\mapstruct-1.3.0.Final.jar;C:\AESoft\Maven Repository\org\junit\jupiter\junit-jupiter-api\5.4.0\junit-jupiter-api-5.4.0.jar;C:\AESoft\Maven Repository\org\apiguardian\apiguardian-api\1.0.0\apiguardian-api-1.0.0.jar;C:\AESoft\Maven Repository\org\opentest4j\opentest4j\1.1.1\opentest4j-1.1.1.jar;C:\AESoft\Maven Repository\org\junit\platform\junit-platform-commons\1.4.0\junit-platform-commons-1.4.0.jar;C:\AESoft\Maven Repository\org\assertj\assertj-core\3.11.1\assertj-core-3.11.1.jar;C:\AESoft\Maven Repository\org\mockito\mockito-core\2.23.4\mockito-core-2.23.4.jar;C:\AESoft\Maven Repository\net\bytebuddy\byte-buddy\1.9.10\byte-buddy-1.9.10.jar;C:\AESoft\Maven Repository\net\bytebuddy\byte-buddy-agent\1.9.3\byte-buddy-agent-1.9.3.jar;C:\AESoft\Maven Repository\org\objenesis\objenesis\2.6\objenesis-2.6.jar;C:\AESoft\Maven Repository\org\hamcrest\hamcrest-all\1.3\hamcrest-all-1.3.jar;C:\AESoft\Maven Repository\org\projectlombok\lombok\1.18.4\lombok-1.18.4.jar;C:\AESoft\Maven Repository\org\mapstruct\mapstruct-processor\1.3.0.Final\mapstruct-processor-1.3.0.Final.jar
                          java.class.version=56.0
                          java.home=C:\Java\JDK\jdk-12
                          java.io.tmpdir=C:\Users\GedMarc\AppData\Local\Temp\
                          java.library.path=C:\Java\JDK\jdk-12\bin;C:\WINDOWS\Sun\Java\bin;C:\WINDOWS\system32;C:\WINDOWS;C:\Python27\;C:\Python27\Scripts;C:\Program Files (x86)\Intel\iCLS Client\;C:\Program Files\Intel\iCLS Client\;C:\WINDOWS\system32;C:\WINDOWS;C:\WINDOWS\System32\Wbem;C:\WINDOWS\System32\WindowsPowerShell\v1.0\;C:\WINDOWS\System32\OpenSSH\;C:\Program Files (x86)\Intel\Intel(R) Management Engine Components\DAL;C:\Program Files\Intel\Intel(R) Management Engine Components\DAL;C:\Program Files (x86)\Intel\Intel(R) Management Engine Components\IPT;C:\Program Files\Intel\Intel(R) Management Engine Components\IPT;C:\Program Files (x86)\Microsoft SQL Server\140\Tools\Binn\;C:\Program Files\Microsoft SQL Server\140\Tools\Binn\;C:\Program Files\Microsoft SQL Server\Client SDK\ODBC\130\Tools\Binn\;C:\Program Files\Microsoft SQL Server\140\DTS\Binn\;C:\Program Files (x86)\Microsoft SQL Server\Client SDK\ODBC\130\Tools\Binn\;C:\Program Files (x86)\Microsoft SQL Server\140\DTS\Binn\;C:\Program Files (x86)\Microsoft SQL Server\140\Tools\Binn\ManagementStudio\;C:\Program Files\Git\cmd;C:\Program Files\nodejs\;C:\ProgramData\chocolatey\bin;C:\Program Files (x86)\Windows Kits\10\Windows Performance Toolkit\;C:\Program Files (x86)\Windows Kits\10\Microsoft Application Virtualization\Sequencer\;C:\Users\GedMarc\AppData\Local\Microsoft\WindowsApps;C:\Software\IntelliJIDEA2018.3.5\bin;;C:\Java\jdk-11\bin;C:\Java\maven\bin;C:\Users\GedMarc\AppData\Roaming\npm;;.
                          java.runtime.name=OpenJDK Runtime Environment
                          java.runtime.version=12+33
                          java.specification.name=Java Platform API Specification
                          java.specification.vendor=Oracle Corporation
                          java.specification.version=12
                          java.vendor=Oracle Corporation
                          java.vendor.url=https://java.oracle.com/
                          java.vendor.url.bug=https://bugreport.java.com/bugreport/
                          java.version=12
                          java.version.date=2019-03-19
                          java.vm.args=-agentlib:jdwp=transport=dt_socket,address=127.0.0.1:58332,suspend=y,server=n -ea -Didea.test.cyclic.buffer.size=1048576 -javaagent:C:\Software\IntelliJIDEA2018.3.5\lib\rt\debugger-agent.jar -Dfile.encoding=UTF-8 
                          java.vm.compressedOopsMode=Zero based
                          java.vm.info=mixed mode, sharing
                          java.vm.name=OpenJDK 64-Bit Server VM
                          java.vm.specification.name=Java Virtual Machine Specification
                          java.vm.specification.vendor=Oracle Corporation
                          java.vm.specification.version=12
                          java.vm.vendor=Oracle Corporation
                          java.vm.version=12+33
                          os.arch=amd64
                          os.name=Windows 10
                          os.version=10.0
                          sun.arch.data.model=64
                          sun.boot.library.path=C:\Java\JDK\jdk-12\bin
                          sun.cpu.endian=little
                          sun.cpu.isalist=amd64
                          sun.desktop=windows
                          sun.io.unicode.encoding=UnicodeLittle
                          sun.java.command=com.intellij.rt.execution.junit.JUnitStarter -ideVersion5 -junit5 com.armineasy.activitymaster.profiles.services.ProfileServiceTest,testCreateNewGuest
                          sun.java.launcher=SUN_STANDARD
                          sun.jnu.encoding=Cp1252
                          sun.management.compiler=HotSpot 64-Bit Tiered Compilers
                          sun.os.patch.level=]
04-04-2019 23:41:13 1554414073107 Metric[classloading.loadedClassesCount=6410]
04-04-2019 23:41:13 1554414073107 Metric[classloading.totalLoadedClassesCount=6410]
04-04-2019 23:41:13 1554414073107 Metric[classloading.unloadedClassCount=0]
04-04-2019 23:41:13 1554414073107 Metric[executionService.userExecutorQueueSize=0]
04-04-2019 23:41:13 1554414073107 Metric[file.partition[user.home].freeSpace=112981176320]
04-04-2019 23:41:13 1554414073107 Metric[file.partition[user.home].totalSpace=478977880064]
04-04-2019 23:41:13 1554414073107 Metric[file.partition[user.home].usableSpace=112981176320]
04-04-2019 23:41:13 1554414073107 Metric[gc.majorCount=0]
04-04-2019 23:41:13 1554414073107 Metric[gc.majorTime=0]
04-04-2019 23:41:13 1554414073107 Metric[gc.minorCount=4]
04-04-2019 23:41:13 1554414073107 Metric[gc.minorTime=25]
04-04-2019 23:41:13 1554414073107 Metric[gc.unknownCount=0]
04-04-2019 23:41:13 1554414073107 Metric[gc.unknownTime=0]
04-04-2019 23:41:13 1554414073107 Metric[invocations.maxCurrentInvocations=2147483647]
04-04-2019 23:41:13 1554414073107 Metric[invocations.pendingCalls=0]
04-04-2019 23:41:13 1554414073107 Metric[invocations.startedInvocations=5]
04-04-2019 23:41:13 1554414073107 Metric[memory.committedHeap=73400320]
04-04-2019 23:41:13 1554414073107 Metric[memory.committedNative=0]
04-04-2019 23:41:13 1554414073107 Metric[memory.freeHeap=30955712]
04-04-2019 23:41:13 1554414073107 Metric[memory.freeNative=0]
04-04-2019 23:41:13 1554414073107 Metric[memory.freePhysical=-1]
04-04-2019 23:41:13 1554414073107 Metric[memory.maxHeap=4269801472]
04-04-2019 23:41:13 1554414073107 Metric[memory.maxMetadata=0]
04-04-2019 23:41:13 1554414073107 Metric[memory.maxNative=0]
04-04-2019 23:41:13 1554414073107 Metric[memory.totalPhysical=-1]
04-04-2019 23:41:13 1554414073107 Metric[memory.usedHeap=42444608]
04-04-2019 23:41:13 1554414073107 Metric[memory.usedMetadata=0]
04-04-2019 23:41:13 1554414073107 Metric[memory.usedNative=0]
04-04-2019 23:41:13 1554414073107 Metric[os.systemLoadAverage=-1.0]
04-04-2019 23:41:13 1554414073107 Metric[runtime.availableProcessors=12]
04-04-2019 23:41:13 1554414073107 Metric[runtime.freeMemory=30955712]
04-04-2019 23:41:13 1554414073107 Metric[runtime.maxMemory=4269801472]
04-04-2019 23:41:13 1554414073107 Metric[runtime.totalMemory=73400320]
04-04-2019 23:41:13 1554414073107 Metric[runtime.uptime=4651]
04-04-2019 23:41:13 1554414073107 Metric[runtime.usedMemory=42444608]
04-04-2019 23:41:13 1554414073107 Metric[thread.daemonThreadCount=5]
04-04-2019 23:41:13 1554414073107 Metric[thread.peakThreadCount=25]
04-04-2019 23:41:13 1554414073107 Metric[thread.threadCount=23]
04-04-2019 23:41:13 1554414073107 Metric[thread.totalStartedThreadCount=42]
04-04-2019 23:43:00 1554414180661 Metric[classloading.loadedClassesCount=12602]
04-04-2019 23:43:00 1554414180661 Metric[classloading.totalLoadedClassesCount=12604]
04-04-2019 23:43:00 1554414180661 Metric[classloading.unloadedClassCount=1]
04-04-2019 23:43:00 1554414180661 Metric[executionService.userExecutorQueueSize=0]
04-04-2019 23:43:00 1554414180661 Metric[file.partition[user.home].freeSpace=112980848640]
04-04-2019 23:43:00 1554414180661 Metric[file.partition[user.home].totalSpace=478977880064]
04-04-2019 23:43:00 1554414180661 Metric[file.partition[user.home].usableSpace=112980848640]
04-04-2019 23:43:00 1554414180661 Metric[gc.majorCount=0]
04-04-2019 23:43:00 1554414180661 Metric[gc.majorTime=0]
04-04-2019 23:43:00 1554414180661 Metric[gc.minorCount=31]
04-04-2019 23:43:00 1554414180661 Metric[gc.minorTime=115]
04-04-2019 23:43:00 1554414180661 Metric[gc.unknownCount=0]
04-04-2019 23:43:00 1554414180661 Metric[gc.unknownTime=0]
04-04-2019 23:43:00 1554414180661 Metric[invocations.maxCurrentInvocations=2147483647]
04-04-2019 23:43:00 1554414180661 Metric[invocations.pendingCalls=0]
04-04-2019 23:43:00 1554414180661 Metric[invocations.startedInvocations=479]
04-04-2019 23:43:00 1554414180661 Metric[listeners.eventHandlerCount=2]
04-04-2019 23:43:00 1554414180661 Metric[listeners.eventQueueSize=0]
04-04-2019 23:43:00 1554414180661 Metric[listeners.eventsProcessed=7]
04-04-2019 23:43:00 1554414180661 Metric[memory.committedHeap=143654912]
04-04-2019 23:43:00 1554414180661 Metric[memory.committedNative=0]
04-04-2019 23:43:00 1554414180661 Metric[memory.freeHeap=64990992]
04-04-2019 23:43:00 1554414180661 Metric[memory.freeNative=0]
04-04-2019 23:43:00 1554414180661 Metric[memory.freePhysical=-1]
04-04-2019 23:43:00 1554414180661 Metric[memory.maxHeap=4269801472]
04-04-2019 23:43:00 1554414180661 Metric[memory.maxMetadata=0]
04-04-2019 23:43:00 1554414180661 Metric[memory.maxNative=0]
04-04-2019 23:43:00 1554414180661 Metric[memory.totalPhysical=-1]
04-04-2019 23:43:00 1554414180661 Metric[memory.usedHeap=78799232]
04-04-2019 23:43:00 1554414180661 Metric[memory.usedMetadata=0]
04-04-2019 23:43:00 1554414180661 Metric[memory.usedNative=0]
04-04-2019 23:43:00 1554414180661 Metric[os.systemLoadAverage=-1.0]
04-04-2019 23:43:00 1554414180661 Metric[runtime.availableProcessors=12]
04-04-2019 23:43:00 1554414180661 Metric[runtime.freeMemory=64833144]
04-04-2019 23:43:00 1554414180661 Metric[runtime.maxMemory=4269801472]
04-04-2019 23:43:00 1554414180661 Metric[runtime.totalMemory=143654912]
04-04-2019 23:43:00 1554414180661 Metric[runtime.uptime=112207]
04-04-2019 23:43:00 1554414180661 Metric[runtime.usedMemory=78821768]
04-04-2019 23:43:00 1554414180661 Metric[thread.daemonThreadCount=7]
04-04-2019 23:43:00 1554414180661 Metric[thread.peakThreadCount=27]
04-04-2019 23:43:00 1554414180661 Metric[thread.threadCount=26]
04-04-2019 23:43:00 1554414180661 Metric[thread.totalStartedThreadCount=46]
04-04-2019 23:43:00 1554414180684 ConnectionRemoved[
                          ClientConnection{alive=false, connectionId=1, channel=NioChannel{/127.0.0.1:58347->/127.0.0.1:5701}, remoteEndpoint=[192.168.1.2]:5701, lastReadTime=2019-04-04 23:43:00.658, lastWriteTime=2019-04-04 23:43:00.655, closedTime=2019-04-04 23:43:00.652, connected server version=3.10.2}
                          type=JAVA_CLIENT
                          isAlive=false
                          closeReason=Heartbeat timed out
                          CloseCause[
                                  com.hazelcast.spi.exception.TargetDisconnectedException: Heartbeat timed out to connection ClientConnection{alive=true, connectionId=1, channel=NioChannel{/127.0.0.1:58347->/127.0.0.1:5701}, remoteEndpoint=[192.168.1.2]:5701, lastReadTime=2019-04-04 23:43:00.651, lastWriteTime=2019-04-04 23:43:00.651, closedTime=never, connected server version=3.10.2}
                                  com.hazelcast.client.connection.nio.HeartbeatManager.onHeartbeatStopped(HeartbeatManager.java:102)
                                  com.hazelcast.client.connection.nio.HeartbeatManager.checkConnection(HeartbeatManager.java:90)
                                  com.hazelcast.client.connection.nio.HeartbeatManager.run(HeartbeatManager.java:78)
                                  java.base/java.util.concurrent.Executors$RunnableAdapter.call(Executors.java:515)
                                  java.base/java.util.concurrent.FutureTask.runAndReset$$$capture(FutureTask.java:305)
                                  java.base/java.util.concurrent.FutureTask.runAndReset(FutureTask.java)
                                  java.base/java.util.concurrent.ScheduledThreadPoolExecutor$ScheduledFutureTask.run(ScheduledThreadPoolExecutor.java:305)
                                  java.base/java.util.concurrent.ThreadPoolExecutor.runWorker(ThreadPoolExecutor.java:1128)
                                  java.base/java.util.concurrent.ThreadPoolExecutor$Worker.run(ThreadPoolExecutor.java:628)
                                  java.base/java.lang.Thread.run(Thread.java:835)
                                  com.hazelcast.util.executor.HazelcastManagedThread.executeRun(HazelcastManagedThread.java:64)
                                  com.hazelcast.util.executor.HazelcastManagedThread.run(HazelcastManagedThread.java:80)]]
04-04-2019 23:43:00 1554414180688 Lifecycle[
                          CLIENT_DISCONNECTED]
04-04-2019 23:43:32 1554414212322 ConnectionAdded[
                          ClientConnection{alive=true, connectionId=2, channel=NioChannel{/127.0.0.1:58500->/127.0.0.1:5701}, remoteEndpoint=[192.168.1.2]:5701, lastReadTime=2019-04-04 23:43:32.322, lastWriteTime=2019-04-04 23:43:32.323, closedTime=never, connected server version=3.10.2}
                          type=JAVA_CLIENT
                          isAlive=true]
04-04-2019 23:43:32 1554414212329 Metric[classloading.loadedClassesCount=12627]
04-04-2019 23:43:32 1554414212329 Metric[classloading.totalLoadedClassesCount=12628]
04-04-2019 23:43:32 1554414212329 Metric[classloading.unloadedClassCount=1]
04-04-2019 23:43:32 1554414212329 Metric[executionService.userExecutorQueueSize=0]
04-04-2019 23:43:32 1554414212329 Metric[file.partition[user.home].freeSpace=112980852736]
04-04-2019 23:43:32 1554414212329 Metric[file.partition[user.home].totalSpace=478977880064]
04-04-2019 23:43:32 1554414212329 Metric[file.partition[user.home].usableSpace=112980852736]
04-04-2019 23:43:32 1554414212329 Metric[gc.majorCount=0]
04-04-2019 23:43:32 1554414212329 Metric[gc.majorTime=0]
04-04-2019 23:43:32 1554414212329 Metric[gc.minorCount=31]
04-04-2019 23:43:32 1554414212329 Metric[gc.minorTime=115]
04-04-2019 23:43:32 1554414212329 Metric[gc.unknownCount=0]
04-04-2019 23:43:32 1554414212329 Metric[gc.unknownTime=0]
04-04-2019 23:43:32 1554414212329 Metric[invocations.maxCurrentInvocations=2147483647]
04-04-2019 23:43:32 1554414212329 Metric[invocations.pendingCalls=0]
04-04-2019 23:43:32 1554414212329 Metric[invocations.startedInvocations=540]
04-04-2019 23:43:32 1554414212329 Metric[listeners.eventHandlerCount=4]
04-04-2019 23:43:32 1554414212329 Metric[listeners.eventQueueSize=0]
04-04-2019 23:43:32 1554414212329 Metric[listeners.eventsProcessed=14]
04-04-2019 23:43:32 1554414212329 Metric[memory.committedHeap=143654912]
04-04-2019 23:43:32 1554414212329 Metric[memory.committedNative=0]
04-04-2019 23:43:32 1554414212329 Metric[memory.freeHeap=58421344]
04-04-2019 23:43:32 1554414212329 Metric[memory.freeNative=0]
04-04-2019 23:43:32 1554414212329 Metric[memory.freePhysical=-1]
04-04-2019 23:43:32 1554414212329 Metric[memory.maxHeap=4269801472]
04-04-2019 23:43:32 1554414212329 Metric[memory.maxMetadata=0]
04-04-2019 23:43:32 1554414212329 Metric[memory.maxNative=0]
04-04-2019 23:43:32 1554414212329 Metric[memory.totalPhysical=-1]
04-04-2019 23:43:32 1554414212329 Metric[memory.usedHeap=85274888]
04-04-2019 23:43:32 1554414212329 Metric[memory.usedMetadata=0]
04-04-2019 23:43:32 1554414212329 Metric[memory.usedNative=0]
04-04-2019 23:43:32 1554414212329 Metric[os.systemLoadAverage=-1.0]
04-04-2019 23:43:32 1554414212329 Metric[runtime.availableProcessors=12]
04-04-2019 23:43:32 1554414212329 Metric[runtime.freeMemory=58367152]
04-04-2019 23:43:32 1554414212329 Metric[runtime.maxMemory=4269801472]
04-04-2019 23:43:32 1554414212329 Metric[runtime.totalMemory=143654912]
04-04-2019 23:43:32 1554414212329 Metric[runtime.uptime=143876]
04-04-2019 23:43:32 1554414212329 Metric[runtime.usedMemory=85806768]
04-04-2019 23:43:32 1554414212329 Metric[thread.daemonThreadCount=7]
04-04-2019 23:43:32 1554414212329 Metric[thread.peakThreadCount=27]
04-04-2019 23:43:32 1554414212329 Metric[thread.threadCount=26]
04-04-2019 23:43:32 1554414212329 Metric[thread.totalStartedThreadCount=46]
04-04-2019 23:43:33 1554414213112 Lifecycle[
                          CLIENT_CONNECTED]
04-04-2019 23:44:13 1554414253106 Metric[classloading.loadedClassesCount=12919]
04-04-2019 23:44:13 1554414253106 Metric[classloading.totalLoadedClassesCount=12920]
04-04-2019 23:44:13 1554414253106 Metric[classloading.unloadedClassCount=1]
04-04-2019 23:44:13 1554414253106 Metric[executionService.userExecutorQueueSize=0]
04-04-2019 23:44:13 1554414253106 Metric[file.partition[user.home].freeSpace=112981553152]
04-04-2019 23:44:13 1554414253106 Metric[file.partition[user.home].totalSpace=478977880064]
04-04-2019 23:44:13 1554414253106 Metric[file.partition[user.home].usableSpace=112981553152]
04-04-2019 23:44:13 1554414253106 Metric[gc.majorCount=0]
04-04-2019 23:44:13 1554414253106 Metric[gc.majorTime=0]
04-04-2019 23:44:13 1554414253106 Metric[gc.minorCount=34]
04-04-2019 23:44:13 1554414253106 Metric[gc.minorTime=124]
04-04-2019 23:44:13 1554414253106 Metric[gc.unknownCount=0]
04-04-2019 23:44:13 1554414253106 Metric[gc.unknownTime=0]
04-04-2019 23:44:13 1554414253106 Metric[invocations.maxCurrentInvocations=2147483647]
04-04-2019 23:44:13 1554414253106 Metric[invocations.pendingCalls=0]
04-04-2019 23:44:13 1554414253106 Metric[invocations.startedInvocations=848]
04-04-2019 23:44:13 1554414253106 Metric[listeners.eventHandlerCount=4]
04-04-2019 23:44:13 1554414253106 Metric[listeners.eventQueueSize=0]
04-04-2019 23:44:13 1554414253106 Metric[listeners.eventsProcessed=19]
04-04-2019 23:44:13 1554414253106 Metric[memory.committedHeap=185597952]
04-04-2019 23:44:13 1554414253106 Metric[memory.committedNative=0]
04-04-2019 23:44:13 1554414253106 Metric[memory.freeHeap=71567712]
04-04-2019 23:44:13 1554414253106 Metric[memory.freeNative=0]
04-04-2019 23:44:13 1554414253106 Metric[memory.freePhysical=-1]
04-04-2019 23:44:13 1554414253106 Metric[memory.maxHeap=4269801472]
04-04-2019 23:44:13 1554414253106 Metric[memory.maxMetadata=0]
04-04-2019 23:44:13 1554414253106 Metric[memory.maxNative=0]
04-04-2019 23:44:13 1554414253106 Metric[memory.totalPhysical=-1]
04-04-2019 23:44:13 1554414253106 Metric[memory.usedHeap=114034344]
04-04-2019 23:44:13 1554414253106 Metric[memory.usedMetadata=0]
04-04-2019 23:44:13 1554414253106 Metric[memory.usedNative=0]
04-04-2019 23:44:13 1554414253106 Metric[os.systemLoadAverage=-1.0]
04-04-2019 23:44:13 1554414253106 Metric[runtime.availableProcessors=12]
04-04-2019 23:44:13 1554414253106 Metric[runtime.freeMemory=71563608]
04-04-2019 23:44:13 1554414253106 Metric[runtime.maxMemory=4269801472]
04-04-2019 23:44:13 1554414253106 Metric[runtime.totalMemory=185597952]
04-04-2019 23:44:13 1554414253106 Metric[runtime.uptime=184648]
04-04-2019 23:44:13 1554414253106 Metric[runtime.usedMemory=114034344]
04-04-2019 23:44:13 1554414253106 Metric[thread.daemonThreadCount=8]
04-04-2019 23:44:13 1554414253106 Metric[thread.peakThreadCount=28]
04-04-2019 23:44:13 1554414253106 Metric[thread.threadCount=27]
04-04-2019 23:44:13 1554414253106 Metric[thread.totalStartedThreadCount=49]
04-04-2019 23:45:13 1554414313105 Metric[classloading.loadedClassesCount=12928]
04-04-2019 23:45:13 1554414313105 Metric[classloading.totalLoadedClassesCount=12929]
04-04-2019 23:45:13 1554414313105 Metric[classloading.unloadedClassCount=1]
04-04-2019 23:45:13 1554414313105 Metric[executionService.userExecutorQueueSize=0]
04-04-2019 23:45:13 1554414313105 Metric[file.partition[user.home].freeSpace=112980553728]
04-04-2019 23:45:13 1554414313105 Metric[file.partition[user.home].totalSpace=478977880064]
04-04-2019 23:45:13 1554414313105 Metric[file.partition[user.home].usableSpace=112980553728]
04-04-2019 23:45:13 1554414313105 Metric[gc.majorCount=0]
04-04-2019 23:45:13 1554414313105 Metric[gc.majorTime=0]
04-04-2019 23:45:13 1554414313105 Metric[gc.minorCount=38]
04-04-2019 23:45:13 1554414313105 Metric[gc.minorTime=143]
04-04-2019 23:45:13 1554414313105 Metric[gc.unknownCount=0]
04-04-2019 23:45:13 1554414313105 Metric[gc.unknownTime=0]
04-04-2019 23:45:13 1554414313105 Metric[invocations.maxCurrentInvocations=2147483647]
04-04-2019 23:45:13 1554414313105 Metric[invocations.pendingCalls=0]
04-04-2019 23:45:13 1554414313105 Metric[invocations.startedInvocations=1079]
04-04-2019 23:45:13 1554414313105 Metric[listeners.eventHandlerCount=4]
04-04-2019 23:45:13 1554414313105 Metric[listeners.eventQueueSize=0]
04-04-2019 23:45:13 1554414313105 Metric[listeners.eventsProcessed=24]
04-04-2019 23:45:13 1554414313105 Metric[memory.committedHeap=185597952]
04-04-2019 23:45:13 1554414313105 Metric[memory.committedNative=0]
04-04-2019 23:45:13 1554414313105 Metric[memory.freeHeap=92930296]
04-04-2019 23:45:13 1554414313105 Metric[memory.freeNative=0]
04-04-2019 23:45:13 1554414313105 Metric[memory.freePhysical=-1]
04-04-2019 23:45:13 1554414313105 Metric[memory.maxHeap=4269801472]
04-04-2019 23:45:13 1554414313105 Metric[memory.maxMetadata=0]
04-04-2019 23:45:13 1554414313105 Metric[memory.maxNative=0]
04-04-2019 23:45:13 1554414313105 Metric[memory.totalPhysical=-1]
04-04-2019 23:45:13 1554414313105 Metric[memory.usedHeap=92673440]
04-04-2019 23:45:13 1554414313105 Metric[memory.usedMetadata=0]
04-04-2019 23:45:13 1554414313105 Metric[memory.usedNative=0]
04-04-2019 23:45:13 1554414313105 Metric[os.systemLoadAverage=-1.0]
04-04-2019 23:45:13 1554414313105 Metric[runtime.availableProcessors=12]
04-04-2019 23:45:13 1554414313105 Metric[runtime.freeMemory=92924512]
04-04-2019 23:45:13 1554414313105 Metric[runtime.maxMemory=4269801472]
04-04-2019 23:45:13 1554414313105 Metric[runtime.totalMemory=185597952]
04-04-2019 23:45:13 1554414313105 Metric[runtime.uptime=244650]
04-04-2019 23:45:13 1554414313105 Metric[runtime.usedMemory=92673440]
04-04-2019 23:45:13 1554414313105 Metric[thread.daemonThreadCount=8]
04-04-2019 23:45:13 1554414313105 Metric[thread.peakThreadCount=28]
04-04-2019 23:45:13 1554414313105 Metric[thread.threadCount=27]
04-04-2019 23:45:13 1554414313105 Metric[thread.totalStartedThreadCount=50]
04-04-2019 23:46:13 1554414373105 Metric[classloading.loadedClassesCount=12938]
04-04-2019 23:46:13 1554414373105 Metric[classloading.totalLoadedClassesCount=12939]
04-04-2019 23:46:13 1554414373105 Metric[classloading.unloadedClassCount=1]
04-04-2019 23:46:13 1554414373105 Metric[executionService.userExecutorQueueSize=0]
04-04-2019 23:46:13 1554414373105 Metric[file.partition[user.home].freeSpace=112981073920]
04-04-2019 23:46:13 1554414373105 Metric[file.partition[user.home].totalSpace=478977880064]
04-04-2019 23:46:13 1554414373105 Metric[file.partition[user.home].usableSpace=112981073920]
04-04-2019 23:46:13 1554414373105 Metric[gc.majorCount=0]
04-04-2019 23:46:13 1554414373105 Metric[gc.majorTime=0]
04-04-2019 23:46:13 1554414373105 Metric[gc.minorCount=41]
04-04-2019 23:46:13 1554414373105 Metric[gc.minorTime=158]
04-04-2019 23:46:13 1554414373105 Metric[gc.unknownCount=0]
04-04-2019 23:46:13 1554414373105 Metric[gc.unknownTime=0]
04-04-2019 23:46:13 1554414373105 Metric[invocations.maxCurrentInvocations=2147483647]
04-04-2019 23:46:13 1554414373105 Metric[invocations.pendingCalls=0]
04-04-2019 23:46:13 1554414373105 Metric[invocations.startedInvocations=1264]
04-04-2019 23:46:13 1554414373105 Metric[listeners.eventHandlerCount=4]
04-04-2019 23:46:13 1554414373105 Metric[listeners.eventQueueSize=0]
04-04-2019 23:46:13 1554414373105 Metric[listeners.eventsProcessed=29]
04-04-2019 23:46:13 1554414373105 Metric[memory.committedHeap=185597952]
04-04-2019 23:46:13 1554414373105 Metric[memory.committedNative=0]
04-04-2019 23:46:13 1554414373105 Metric[memory.freeHeap=44221248]
04-04-2019 23:46:13 1554414373105 Metric[memory.freeNative=0]
04-04-2019 23:46:13 1554414373105 Metric[memory.freePhysical=-1]
04-04-2019 23:46:13 1554414373105 Metric[memory.maxHeap=4269801472]
04-04-2019 23:46:13 1554414373105 Metric[memory.maxMetadata=0]
04-04-2019 23:46:13 1554414373105 Metric[memory.maxNative=0]
04-04-2019 23:46:13 1554414373105 Metric[memory.totalPhysical=-1]
04-04-2019 23:46:13 1554414373105 Metric[memory.usedHeap=141383048]
04-04-2019 23:46:13 1554414373105 Metric[memory.usedMetadata=0]
04-04-2019 23:46:13 1554414373105 Metric[memory.usedNative=0]
04-04-2019 23:46:13 1554414373105 Metric[os.systemLoadAverage=-1.0]
04-04-2019 23:46:13 1554414373105 Metric[runtime.availableProcessors=12]
04-04-2019 23:46:13 1554414373105 Metric[runtime.freeMemory=44214904]
04-04-2019 23:46:13 1554414373105 Metric[runtime.maxMemory=4269801472]
04-04-2019 23:46:13 1554414373105 Metric[runtime.totalMemory=185597952]
04-04-2019 23:46:13 1554414373105 Metric[runtime.uptime=304650]
04-04-2019 23:46:13 1554414373105 Metric[runtime.usedMemory=141383048]
04-04-2019 23:46:13 1554414373105 Metric[thread.daemonThreadCount=8]
04-04-2019 23:46:13 1554414373105 Metric[thread.peakThreadCount=28]
04-04-2019 23:46:13 1554414373105 Metric[thread.threadCount=27]
04-04-2019 23:46:13 1554414373105 Metric[thread.totalStartedThreadCount=51]
04-04-2019 23:52:24 1554414744826 Metric[classloading.loadedClassesCount=12947]
04-04-2019 23:52:24 1554414744826 Metric[classloading.totalLoadedClassesCount=12948]
04-04-2019 23:52:24 1554414744826 Metric[classloading.unloadedClassCount=1]
04-04-2019 23:52:24 1554414744826 Metric[executionService.userExecutorQueueSize=0]
04-04-2019 23:52:24 1554414744826 Metric[file.partition[user.home].freeSpace=112983769088]
04-04-2019 23:52:24 1554414744826 Metric[file.partition[user.home].totalSpace=478977880064]
04-04-2019 23:52:24 1554414744826 Metric[file.partition[user.home].usableSpace=112983769088]
04-04-2019 23:52:24 1554414744826 Metric[gc.majorCount=0]
04-04-2019 23:52:24 1554414744826 Metric[gc.majorTime=0]
04-04-2019 23:52:24 1554414744826 Metric[gc.minorCount=43]
04-04-2019 23:52:24 1554414744826 Metric[gc.minorTime=166]
04-04-2019 23:52:24 1554414744826 Metric[gc.unknownCount=0]
04-04-2019 23:52:24 1554414744826 Metric[gc.unknownTime=0]
04-04-2019 23:52:24 1554414744826 Metric[invocations.maxCurrentInvocations=2147483647]
04-04-2019 23:52:24 1554414744826 Metric[invocations.pendingCalls=0]
04-04-2019 23:52:24 1554414744826 Metric[invocations.startedInvocations=1424]
04-04-2019 23:52:24 1554414744826 Metric[listeners.eventHandlerCount=4]
04-04-2019 23:52:24 1554414744826 Metric[listeners.eventQueueSize=0]
04-04-2019 23:52:24 1554414744826 Metric[listeners.eventsProcessed=34]
04-04-2019 23:52:24 1554414744826 Metric[memory.committedHeap=185597952]
04-04-2019 23:52:24 1554414744826 Metric[memory.committedNative=0]
04-04-2019 23:52:24 1554414744826 Metric[memory.freeHeap=108538632]
04-04-2019 23:52:24 1554414744826 Metric[memory.freeNative=0]
04-04-2019 23:52:24 1554414744826 Metric[memory.freePhysical=-1]
04-04-2019 23:52:24 1554414744826 Metric[memory.maxHeap=4269801472]
04-04-2019 23:52:24 1554414744826 Metric[memory.maxMetadata=0]
04-04-2019 23:52:24 1554414744826 Metric[memory.maxNative=0]
04-04-2019 23:52:24 1554414744826 Metric[memory.totalPhysical=-1]
04-04-2019 23:52:24 1554414744826 Metric[memory.usedHeap=77237848]
04-04-2019 23:52:24 1554414744826 Metric[memory.usedMetadata=0]
04-04-2019 23:52:24 1554414744826 Metric[memory.usedNative=0]
04-04-2019 23:52:24 1554414744826 Metric[os.systemLoadAverage=-1.0]
04-04-2019 23:52:24 1554414744826 Metric[runtime.availableProcessors=12]
04-04-2019 23:52:24 1554414744826 Metric[runtime.freeMemory=108268808]
04-04-2019 23:52:24 1554414744826 Metric[runtime.maxMemory=4269801472]
04-04-2019 23:52:24 1554414744826 Metric[runtime.totalMemory=185597952]
04-04-2019 23:52:24 1554414744826 Metric[runtime.uptime=676373]
04-04-2019 23:52:24 1554414744826 Metric[runtime.usedMemory=77358208]
04-04-2019 23:52:24 1554414744826 Metric[thread.daemonThreadCount=7]
04-04-2019 23:52:24 1554414744826 Metric[thread.peakThreadCount=28]
04-04-2019 23:52:24 1554414744826 Metric[thread.threadCount=26]
04-04-2019 23:52:24 1554414744826 Metric[thread.totalStartedThreadCount=52]
04-04-2019 23:52:24 1554414744844 Metric[classloading.loadedClassesCount=12952]
04-04-2019 23:52:24 1554414744844 Metric[classloading.totalLoadedClassesCount=12953]
04-04-2019 23:52:24 1554414744844 Metric[classloading.unloadedClassCount=1]
04-04-2019 23:52:24 1554414744844 Metric[executionService.userExecutorQueueSize=0]
04-04-2019 23:52:24 1554414744844 Metric[file.partition[user.home].freeSpace=112983674880]
04-04-2019 23:52:24 1554414744844 Metric[file.partition[user.home].totalSpace=478977880064]
04-04-2019 23:52:24 1554414744844 Metric[file.partition[user.home].usableSpace=112983674880]
04-04-2019 23:52:24 1554414744844 Metric[gc.majorCount=0]
04-04-2019 23:52:24 1554414744844 Metric[gc.majorTime=0]
04-04-2019 23:52:24 1554414744844 Metric[gc.minorCount=43]
04-04-2019 23:52:24 1554414744844 Metric[gc.minorTime=166]
04-04-2019 23:52:24 1554414744844 Metric[gc.unknownCount=0]
04-04-2019 23:52:24 1554414744844 Metric[gc.unknownTime=0]
04-04-2019 23:52:24 1554414744844 Metric[invocations.maxCurrentInvocations=2147483647]
04-04-2019 23:52:24 1554414744844 Metric[invocations.pendingCalls=0]
04-04-2019 23:52:24 1554414744844 Metric[invocations.startedInvocations=1425]
04-04-2019 23:52:24 1554414744844 Metric[listeners.eventHandlerCount=4]
04-04-2019 23:52:24 1554414744844 Metric[listeners.eventQueueSize=0]
04-04-2019 23:52:24 1554414744844 Metric[listeners.eventsProcessed=39]
04-04-2019 23:52:24 1554414744844 Metric[memory.committedHeap=185597952]
04-04-2019 23:52:24 1554414744844 Metric[memory.committedNative=0]
04-04-2019 23:52:24 1554414744844 Metric[memory.freeHeap=105982720]
04-04-2019 23:52:24 1554414744844 Metric[memory.freeNative=0]
04-04-2019 23:52:24 1554414744844 Metric[memory.freePhysical=-1]
04-04-2019 23:52:24 1554414744844 Metric[memory.maxHeap=4269801472]
04-04-2019 23:52:24 1554414744844 Metric[memory.maxMetadata=0]
04-04-2019 23:52:24 1554414744844 Metric[memory.maxNative=0]
04-04-2019 23:52:24 1554414744844 Metric[memory.totalPhysical=-1]
04-04-2019 23:52:24 1554414744844 Metric[memory.usedHeap=79781624]
04-04-2019 23:52:24 1554414744844 Metric[memory.usedMetadata=0]
04-04-2019 23:52:24 1554414744844 Metric[memory.usedNative=0]
04-04-2019 23:52:24 1554414744844 Metric[os.systemLoadAverage=-1.0]
04-04-2019 23:52:24 1554414744844 Metric[runtime.availableProcessors=12]
04-04-2019 23:52:24 1554414744844 Metric[runtime.freeMemory=105780440]
04-04-2019 23:52:24 1554414744844 Metric[runtime.maxMemory=4269801472]
04-04-2019 23:52:24 1554414744844 Metric[runtime.totalMemory=185597952]
04-04-2019 23:52:24 1554414744844 Metric[runtime.uptime=676388]
04-04-2019 23:52:24 1554414744844 Metric[runtime.usedMemory=79837592]
04-04-2019 23:52:24 1554414744844 Metric[thread.daemonThreadCount=7]
04-04-2019 23:52:24 1554414744844 Metric[thread.peakThreadCount=28]
04-04-2019 23:52:24 1554414744844 Metric[thread.threadCount=26]
04-04-2019 23:52:24 1554414744844 Metric[thread.totalStartedThreadCount=52]
04-04-2019 23:52:24 1554414744857 Metric[classloading.loadedClassesCount=12952]
04-04-2019 23:52:24 1554414744857 Metric[classloading.totalLoadedClassesCount=12953]
04-04-2019 23:52:24 1554414744857 Metric[classloading.unloadedClassCount=1]
04-04-2019 23:52:24 1554414744857 Metric[executionService.userExecutorQueueSize=0]
04-04-2019 23:52:24 1554414744857 Metric[file.partition[user.home].freeSpace=112983576576]
04-04-2019 23:52:24 1554414744857 Metric[file.partition[user.home].totalSpace=478977880064]
04-04-2019 23:52:24 1554414744857 Metric[file.partition[user.home].usableSpace=112983576576]
04-04-2019 23:52:24 1554414744857 Metric[gc.majorCount=0]
04-04-2019 23:52:24 1554414744857 Metric[gc.majorTime=0]
04-04-2019 23:52:24 1554414744857 Metric[gc.minorCount=43]
04-04-2019 23:52:24 1554414744857 Metric[gc.minorTime=166]
04-04-2019 23:52:24 1554414744857 Metric[gc.unknownCount=0]
04-04-2019 23:52:24 1554414744857 Metric[gc.unknownTime=0]
04-04-2019 23:52:24 1554414744857 Metric[invocations.maxCurrentInvocations=2147483647]
04-04-2019 23:52:24 1554414744857 Metric[invocations.pendingCalls=0]
04-04-2019 23:52:24 1554414744857 Metric[invocations.startedInvocations=1425]
04-04-2019 23:52:24 1554414744857 Metric[listeners.eventHandlerCount=4]
04-04-2019 23:52:24 1554414744857 Metric[listeners.eventQueueSize=0]
04-04-2019 23:52:24 1554414744857 Metric[listeners.eventsProcessed=44]
04-04-2019 23:52:24 1554414744857 Metric[memory.committedHeap=185597952]
04-04-2019 23:52:24 1554414744857 Metric[memory.committedNative=0]
04-04-2019 23:52:24 1554414744857 Metric[memory.freeHeap=103215208]
04-04-2019 23:52:24 1554414744857 Metric[memory.freeNative=0]
04-04-2019 23:52:24 1554414744857 Metric[memory.freePhysical=-1]
04-04-2019 23:52:24 1554414744857 Metric[memory.maxHeap=4269801472]
04-04-2019 23:52:24 1554414744857 Metric[memory.maxMetadata=0]
04-04-2019 23:52:24 1554414744857 Metric[memory.maxNative=0]
04-04-2019 23:52:24 1554414744857 Metric[memory.totalPhysical=-1]
04-04-2019 23:52:24 1554414744857 Metric[memory.usedHeap=82461952]
04-04-2019 23:52:24 1554414744857 Metric[memory.usedMetadata=0]
04-04-2019 23:52:24 1554414744857 Metric[memory.usedNative=0]
04-04-2019 23:52:24 1554414744857 Metric[os.systemLoadAverage=-1.0]
04-04-2019 23:52:24 1554414744857 Metric[runtime.availableProcessors=12]
04-04-2019 23:52:24 1554414744857 Metric[runtime.freeMemory=103127584]
04-04-2019 23:52:24 1554414744857 Metric[runtime.maxMemory=4269801472]
04-04-2019 23:52:24 1554414744857 Metric[runtime.totalMemory=185597952]
04-04-2019 23:52:24 1554414744857 Metric[runtime.uptime=676399]
04-04-2019 23:52:24 1554414744857 Metric[runtime.usedMemory=82486976]
04-04-2019 23:52:24 1554414744857 Metric[thread.daemonThreadCount=7]
04-04-2019 23:52:24 1554414744857 Metric[thread.peakThreadCount=28]
04-04-2019 23:52:24 1554414744857 Metric[thread.threadCount=26]
04-04-2019 23:52:24 1554414744857 Metric[thread.totalStartedThreadCount=52]
04-04-2019 23:52:24 1554414744869 Metric[classloading.loadedClassesCount=12952]
04-04-2019 23:52:24 1554414744869 Metric[classloading.totalLoadedClassesCount=12953]
04-04-2019 23:52:24 1554414744869 Metric[classloading.unloadedClassCount=1]
04-04-2019 23:52:24 1554414744869 Metric[executionService.userExecutorQueueSize=0]
04-04-2019 23:52:24 1554414744869 Metric[file.partition[user.home].freeSpace=112983576576]
04-04-2019 23:52:24 1554414744869 Metric[file.partition[user.home].totalSpace=478977880064]
04-04-2019 23:52:24 1554414744869 Metric[file.partition[user.home].usableSpace=112983592960]
04-04-2019 23:52:24 1554414744869 Metric[gc.majorCount=0]
04-04-2019 23:52:24 1554414744869 Metric[gc.majorTime=0]
04-04-2019 23:52:24 1554414744869 Metric[gc.minorCount=43]
04-04-2019 23:52:24 1554414744869 Metric[gc.minorTime=166]
04-04-2019 23:52:24 1554414744869 Metric[gc.unknownCount=0]
04-04-2019 23:52:24 1554414744869 Metric[gc.unknownTime=0]
04-04-2019 23:52:24 1554414744869 Metric[invocations.maxCurrentInvocations=2147483647]
04-04-2019 23:52:24 1554414744869 Metric[invocations.pendingCalls=0]
04-04-2019 23:52:24 1554414744869 Metric[invocations.startedInvocations=1426]
04-04-2019 23:52:24 1554414744869 Metric[listeners.eventHandlerCount=4]
04-04-2019 23:52:24 1554414744869 Metric[listeners.eventQueueSize=0]
04-04-2019 23:52:24 1554414744869 Metric[listeners.eventsProcessed=49]
04-04-2019 23:52:24 1554414744869 Metric[memory.committedHeap=185597952]
04-04-2019 23:52:24 1554414744869 Metric[memory.committedNative=0]
04-04-2019 23:52:24 1554414744869 Metric[memory.freeHeap=100905064]
04-04-2019 23:52:24 1554414744869 Metric[memory.freeNative=0]
04-04-2019 23:52:24 1554414744869 Metric[memory.freePhysical=-1]
04-04-2019 23:52:24 1554414744869 Metric[memory.maxHeap=4269801472]
04-04-2019 23:52:24 1554414744869 Metric[memory.maxMetadata=0]
04-04-2019 23:52:24 1554414744869 Metric[memory.maxNative=0]
04-04-2019 23:52:24 1554414744869 Metric[memory.totalPhysical=-1]
04-04-2019 23:52:24 1554414744869 Metric[memory.usedHeap=84728120]
04-04-2019 23:52:24 1554414744869 Metric[memory.usedMetadata=0]
04-04-2019 23:52:24 1554414744869 Metric[memory.usedNative=0]
04-04-2019 23:52:24 1554414744869 Metric[os.systemLoadAverage=-1.0]
04-04-2019 23:52:24 1554414744869 Metric[runtime.availableProcessors=12]
04-04-2019 23:52:24 1554414744869 Metric[runtime.freeMemory=100849040]
04-04-2019 23:52:24 1554414744869 Metric[runtime.maxMemory=4269801472]
04-04-2019 23:52:24 1554414744869 Metric[runtime.totalMemory=185597952]
04-04-2019 23:52:24 1554414744869 Metric[runtime.uptime=676411]
04-04-2019 23:52:24 1554414744869 Metric[runtime.usedMemory=84748912]
04-04-2019 23:52:24 1554414744869 Metric[thread.daemonThreadCount=7]
04-04-2019 23:52:24 1554414744869 Metric[thread.peakThreadCount=28]
04-04-2019 23:52:24 1554414744869 Metric[thread.threadCount=26]
04-04-2019 23:52:24 1554414744869 Metric[thread.totalStartedThreadCount=52]
04-04-2019 23:52:24 1554414744878 Metric[classloading.loadedClassesCount=12952]
04-04-2019 23:52:24 1554414744878 Metric[classloading.totalLoadedClassesCount=12953]
04-04-2019 23:52:24 1554414744878 Metric[classloading.unloadedClassCount=1]
04-04-2019 23:52:24 1554414744878 Metric[executionService.userExecutorQueueSize=0]
04-04-2019 23:52:24 1554414744878 Metric[file.partition[user.home].freeSpace=112983543808]
04-04-2019 23:52:24 1554414744878 Metric[file.partition[user.home].totalSpace=478977880064]
04-04-2019 23:52:24 1554414744878 Metric[file.partition[user.home].usableSpace=112983543808]
04-04-2019 23:52:24 1554414744878 Metric[gc.majorCount=0]
04-04-2019 23:52:24 1554414744878 Metric[gc.majorTime=0]
04-04-2019 23:52:24 1554414744878 Metric[gc.minorCount=43]
04-04-2019 23:52:24 1554414744878 Metric[gc.minorTime=166]
04-04-2019 23:52:24 1554414744878 Metric[gc.unknownCount=0]
04-04-2019 23:52:24 1554414744878 Metric[gc.unknownTime=0]
04-04-2019 23:52:24 1554414744878 Metric[invocations.maxCurrentInvocations=2147483647]
04-04-2019 23:52:24 1554414744878 Metric[invocations.pendingCalls=0]
04-04-2019 23:52:24 1554414744878 Metric[invocations.startedInvocations=1426]
04-04-2019 23:52:24 1554414744878 Metric[listeners.eventHandlerCount=4]
04-04-2019 23:52:24 1554414744878 Metric[listeners.eventQueueSize=0]
04-04-2019 23:52:24 1554414744878 Metric[listeners.eventsProcessed=54]
04-04-2019 23:52:24 1554414744878 Metric[memory.committedHeap=185597952]
04-04-2019 23:52:24 1554414744878 Metric[memory.committedNative=0]
04-04-2019 23:52:24 1554414744878 Metric[memory.freeHeap=100305880]
04-04-2019 23:52:24 1554414744878 Metric[memory.freeNative=0]
04-04-2019 23:52:24 1554414744878 Metric[memory.freePhysical=-1]
04-04-2019 23:52:24 1554414744878 Metric[memory.maxHeap=4269801472]
04-04-2019 23:52:24 1554414744878 Metric[memory.maxMetadata=0]
04-04-2019 23:52:24 1554414744878 Metric[memory.maxNative=0]
04-04-2019 23:52:24 1554414744878 Metric[memory.totalPhysical=-1]
04-04-2019 23:52:24 1554414744878 Metric[memory.usedHeap=85297880]
04-04-2019 23:52:24 1554414744878 Metric[memory.usedMetadata=0]
04-04-2019 23:52:24 1554414744878 Metric[memory.usedNative=0]
04-04-2019 23:52:24 1554414744878 Metric[os.systemLoadAverage=-1.0]
04-04-2019 23:52:24 1554414744878 Metric[runtime.availableProcessors=12]
04-04-2019 23:52:24 1554414744878 Metric[runtime.freeMemory=100300072]
04-04-2019 23:52:24 1554414744878 Metric[runtime.maxMemory=4269801472]
04-04-2019 23:52:24 1554414744878 Metric[runtime.totalMemory=185597952]
04-04-2019 23:52:24 1554414744878 Metric[runtime.uptime=676420]
04-04-2019 23:52:24 1554414744878 Metric[runtime.usedMemory=85297880]
04-04-2019 23:52:24 1554414744878 Metric[thread.daemonThreadCount=7]
04-04-2019 23:52:24 1554414744878 Metric[thread.peakThreadCount=28]
04-04-2019 23:52:24 1554414744878 Metric[thread.threadCount=26]
04-04-2019 23:52:24 1554414744878 Metric[thread.totalStartedThreadCount=52]
04-04-2019 23:52:24 1554414744887 Metric[classloading.loadedClassesCount=12952]
04-04-2019 23:52:24 1554414744887 Metric[classloading.totalLoadedClassesCount=12953]
04-04-2019 23:52:24 1554414744887 Metric[classloading.unloadedClassCount=1]
04-04-2019 23:52:24 1554414744887 Metric[executionService.userExecutorQueueSize=0]
04-04-2019 23:52:24 1554414744887 Metric[file.partition[user.home].freeSpace=112983511040]
04-04-2019 23:52:24 1554414744887 Metric[file.partition[user.home].totalSpace=478977880064]
04-04-2019 23:52:24 1554414744887 Metric[file.partition[user.home].usableSpace=112983511040]
04-04-2019 23:52:24 1554414744887 Metric[gc.majorCount=0]
04-04-2019 23:52:24 1554414744887 Metric[gc.majorTime=0]
04-04-2019 23:52:24 1554414744887 Metric[gc.minorCount=43]
04-04-2019 23:52:24 1554414744887 Metric[gc.minorTime=166]
04-04-2019 23:52:24 1554414744887 Metric[gc.unknownCount=0]
04-04-2019 23:52:24 1554414744887 Metric[gc.unknownTime=0]
04-04-2019 23:52:24 1554414744887 Metric[invocations.maxCurrentInvocations=2147483647]
04-04-2019 23:52:24 1554414744887 Metric[invocations.pendingCalls=0]
04-04-2019 23:52:24 1554414744887 Metric[invocations.startedInvocations=1426]
04-04-2019 23:52:24 1554414744887 Metric[listeners.eventHandlerCount=4]
04-04-2019 23:52:24 1554414744887 Metric[listeners.eventQueueSize=0]
04-04-2019 23:52:24 1554414744887 Metric[listeners.eventsProcessed=59]
04-04-2019 23:52:24 1554414744887 Metric[memory.committedHeap=185597952]
04-04-2019 23:52:24 1554414744887 Metric[memory.committedNative=0]
04-04-2019 23:52:24 1554414744887 Metric[memory.freeHeap=100192712]
04-04-2019 23:52:24 1554414744887 Metric[memory.freeNative=0]
04-04-2019 23:52:24 1554414744887 Metric[memory.freePhysical=-1]
04-04-2019 23:52:24 1554414744887 Metric[memory.maxHeap=4269801472]
04-04-2019 23:52:24 1554414744887 Metric[memory.maxMetadata=0]
04-04-2019 23:52:24 1554414744887 Metric[memory.maxNative=0]
04-04-2019 23:52:24 1554414744887 Metric[memory.totalPhysical=-1]
04-04-2019 23:52:24 1554414744887 Metric[memory.usedHeap=85434008]
04-04-2019 23:52:24 1554414744887 Metric[memory.usedMetadata=0]
04-04-2019 23:52:24 1554414744887 Metric[memory.usedNative=0]
04-04-2019 23:52:24 1554414744887 Metric[os.systemLoadAverage=-1.0]
04-04-2019 23:52:24 1554414744887 Metric[runtime.availableProcessors=12]
04-04-2019 23:52:24 1554414744887 Metric[runtime.freeMemory=100154144]
04-04-2019 23:52:24 1554414744887 Metric[runtime.maxMemory=4269801472]
04-04-2019 23:52:24 1554414744887 Metric[runtime.totalMemory=185597952]
04-04-2019 23:52:24 1554414744887 Metric[runtime.uptime=676428]
04-04-2019 23:52:24 1554414744887 Metric[runtime.usedMemory=85443808]
04-04-2019 23:52:24 1554414744887 Metric[thread.daemonThreadCount=7]
04-04-2019 23:52:24 1554414744887 Metric[thread.peakThreadCount=28]
04-04-2019 23:52:24 1554414744887 Metric[thread.threadCount=26]
04-04-2019 23:52:24 1554414744887 Metric[thread.totalStartedThreadCount=52]
