03-04-2019 21:59:33 1554321573031 BuildInfo[
                          Build=20190216
                          BuildNumber=20190216
                          Revision=e302506
                          Version=3.11.2
                          SerialVersion=1
                          Enterprise=false]
03-04-2019 21:59:33 1554321573032 ConfigProperties[]
03-04-2019 21:59:33 1554321573032 SystemProperties[
                          hazelcast.diagnostics.enabled=true
                          hazelcast.logging.type=jdk
                          java.class.path=C:\Software\IntelliJIDEA2018.3.5\lib\idea_rt.jar;C:\Software\IntelliJIDEA2018.3.5\plugins\junit\lib\junit-rt.jar;C:\Software\IntelliJIDEA2018.3.5\plugins\junit\lib\junit5-rt.jar;C:\Users\GedMarc\.m2\repository\org\junit\platform\junit-platform-launcher\1.4.0\junit-platform-launcher-1.4.0.jar;C:\Users\GedMarc\.m2\repository\org\apiguardian\apiguardian-api\1.0.0\apiguardian-api-1.0.0.jar;C:\Users\GedMarc\.m2\repository\org\junit\platform\junit-platform-engine\1.4.0\junit-platform-engine-1.4.0.jar;C:\Users\GedMarc\.m2\repository\org\opentest4j\opentest4j\1.1.1\opentest4j-1.1.1.jar;C:\Users\GedMarc\.m2\repository\org\junit\platform\junit-platform-commons\1.4.0\junit-platform-commons-1.4.0.jar;C:\Users\GedMarc\.m2\repository\org\junit\jupiter\junit-jupiter-engine\5.4.0\junit-jupiter-engine-5.4.0.jar;C:\Users\GedMarc\.m2\repository\org\junit\jupiter\junit-jupiter-api\5.4.0\junit-jupiter-api-5.4.0.jar;C:\AESoft\Programs\ActivityMaster\ProfileMaster\target\test-classes;C:\AESoft\Programs\ActivityMaster\ProfileMaster\target\classes;C:\AESoft\Programs\ActivityMaster\ActivityMaster\target\classes;C:\AESoft\Programs\GuicedEE\Persistence\GuicedPersistence-BTM\target\classes;C:\AESoft\Programs\GuicedEE\Persistence\GuicedPersistence\target\classes;C:\AESoft\Programs\ThirdParty\json\target\classes;C:\AESoft\Maven Repository\com\jwebmp\inject\extensions\guice-persist\0.0.0_0-SNAPSHOT\guice-persist-0.0.0_0-20190318.103340-51.jar;C:\AESoft\Maven Repository\javax\persistence\javax.persistence-api\2.2\javax.persistence-api-2.2.jar;C:\AESoft\Programs\GuicedEE\Persistence\GuicedPersistence-HibernatePropertiesReader\target\classes;C:\AESoft\Maven Repository\org\hibernate\validator\hibernate-validator\6.0.14.Final\hibernate-validator-6.0.14.Final.jar;C:\AESoft\Maven Repository\javax\transaction\javax.transaction-api\1.3\javax.transaction-api-1.3.jar;C:\AESoft\Programs\GuicedEE\Persistence\btm\target\classes;C:\AESoft\Maven Repository\javax\jms\jms\1.1\jms-1.1.jar;C:\AESoft\Programs\GuicedEE\Persistence\GuicedHazelcast\target\classes;C:\AESoft\Maven Repository\org\hibernate\hibernate-core\5.4.1.Final\hibernate-core-5.4.1.Final.jar;C:\AESoft\Maven Repository\org\javassist\javassist\3.24.0-GA\javassist-3.24.0-GA.jar;C:\AESoft\Maven Repository\antlr\antlr\2.7.7\antlr-2.7.7.jar;C:\AESoft\Maven Repository\org\jboss\jandex\2.0.5.Final\jandex-2.0.5.Final.jar;C:\AESoft\Maven Repository\com\fasterxml\classmate\1.3.4\classmate-1.3.4.jar;C:\AESoft\Maven Repository\org\dom4j\dom4j\2.1.1\dom4j-2.1.1.jar;C:\AESoft\Maven Repository\org\hibernate\common\hibernate-commons-annotations\5.1.0.Final\hibernate-commons-annotations-5.1.0.Final.jar;C:\AESoft\Maven Repository\org\hibernate\hibernate-jcache\5.4.1.Final\hibernate-jcache-5.4.1.Final.jar;C:\AESoft\Maven Repository\com\hazelcast\hazelcast-all\3.11.2\hazelcast-all-3.11.2.jar;C:\AESoft\Programs\ThirdParty\commons\commons-io\target\classes;C:\AESoft\Programs\GuicedEE\Persistence\EntityAssist\target\classes;C:\AESoft\Programs\ThirdParty\commons\commons-text\target\classes;C:\AESoft\Programs\ThirdParty\commons\commons-lang\target\classes;C:\AESoft\Maven Repository\javax\annotation\jsr250-api\1.0\jsr250-api-1.0.jar;C:\AESoft\Maven Repository\org\hibernate\hibernate-jpamodelgen\5.4.1.Final\hibernate-jpamodelgen-5.4.1.Final.jar;C:\AESoft\Maven Repository\org\jboss\logging\jboss-logging\3.3.2.Final\jboss-logging-3.3.2.Final.jar;C:\AESoft\Maven Repository\org\glassfish\jaxb\jaxb-runtime\2.3.1\jaxb-runtime-2.3.1.jar;C:\AESoft\Maven Repository\org\glassfish\jaxb\txw2\2.3.1\txw2-2.3.1.jar;C:\AESoft\Maven Repository\com\sun\istack\istack-commons-runtime\3.0.7\istack-commons-runtime-3.0.7.jar;C:\AESoft\Maven Repository\org\jvnet\staxex\stax-ex\1.8\stax-ex-1.8.jar;C:\AESoft\Maven Repository\com\sun\xml\fastinfoset\FastInfoset\1.2.15\FastInfoset-1.2.15.jar;C:\AESoft\Maven Repository\javax\xml\bind\jaxb-api\2.3.1\jaxb-api-2.3.1.jar;C:\AESoft\Maven Repository\com\microsoft\sqlserver\mssql-jdbc\7.0.0.jre10\mssql-jdbc-7.0.0.jre10.jar;C:\AESoft\Maven Repository\org\jsr107\ri\cache-annotations-ri-guice\1.1.0\cache-annotations-ri-guice-1.1.0.jar;C:\AESoft\Maven Repository\javax\cache\cache-api\1.1.0\cache-api-1.1.0.jar;C:\AESoft\Maven Repository\org\jsr107\ri\cache-annotations-ri-common\1.1.0\cache-annotations-ri-common-1.1.0.jar;C:\AESoft\Programs\ActivityMaster\ActivityMaster\target\test-classes;C:\AESoft\Programs\ThirdParty\uadetector\UADetector-Core\target\classes;C:\AESoft\Maven Repository\com\google\guava\guava\26.0-jre\guava-26.0-jre.jar;C:\AESoft\Maven Repository\org\checkerframework\checker-qual\2.5.2\checker-qual-2.5.2.jar;C:\AESoft\Maven Repository\com\google\errorprone\error_prone_annotations\2.3.2\error_prone_annotations-2.3.2.jar;C:\AESoft\Maven Repository\com\google\j2objc\j2objc-annotations\1.1\j2objc-annotations-1.1.jar;C:\AESoft\Maven Repository\org\codehaus\mojo\animal-sniffer-annotations\1.14\animal-sniffer-annotations-1.14.jar;C:\AESoft\Maven Repository\javax\activation\javax.activation-api\1.2.0\javax.activation-api-1.2.0.jar;C:\AESoft\Maven Repository\javax\validation\validation-api\2.0.1.Final\validation-api-2.0.1.Final.jar;C:\AESoft\Programs\GuicedEE\Servlets\GuicedServlets\target\classes;C:\AESoft\Programs\GuicedEE\GuiceInjection\target\classes;C:\AESoft\Programs\GuicedEE\LogMaster\target\classes;C:\AESoft\Programs\ThirdParty\aopalliance\target\classes;C:\AESoft\Maven Repository\io\github\classgraph\classgraph\4.8.12\classgraph-4.8.12.jar;C:\AESoft\Maven Repository\com\jwebmp\inject\guice\0.0.0_0-SNAPSHOT\guice-0.0.0_0-20190318.102622-54.jar;C:\AESoft\Programs\ThirdParty\javax-inject\target\classes;C:\AESoft\Programs\ThirdParty\fasterxml\jackson-databind\target\classes;C:\AESoft\Programs\ThirdParty\fasterxml\jackson-core\target\classes;C:\AESoft\Programs\ThirdParty\fasterxml\jackson-annotations\target\classes;C:\AESoft\Programs\ThirdParty\fasterxml\jackson-guice\target\classes;C:\AESoft\Programs\ThirdParty\fasterxml\jackson-datatypes\target\classes;C:\AESoft\Maven Repository\javax\servlet\javax.servlet-api\3.1.0\javax.servlet-api-3.1.0.jar;C:\AESoft\Maven Repository\com\jwebmp\inject\extensions\guice-servlet\0.0.0_0-SNAPSHOT\guice-servlet-0.0.0_0-20190318.104148-49.jar;C:\AESoft\Programs\GuicedEE\Servlets\GuicedServlets\target\test-classes;C:\AESoft\Maven Repository\org\mapstruct\mapstruct\1.3.0.Final\mapstruct-1.3.0.Final.jar;C:\AESoft\Maven Repository\org\junit\jupiter\junit-jupiter-api\5.4.0\junit-jupiter-api-5.4.0.jar;C:\AESoft\Maven Repository\org\apiguardian\apiguardian-api\1.0.0\apiguardian-api-1.0.0.jar;C:\AESoft\Maven Repository\org\opentest4j\opentest4j\1.1.1\opentest4j-1.1.1.jar;C:\AESoft\Maven Repository\org\junit\platform\junit-platform-commons\1.4.0\junit-platform-commons-1.4.0.jar;C:\AESoft\Maven Repository\org\assertj\assertj-core\3.11.1\assertj-core-3.11.1.jar;C:\AESoft\Maven Repository\org\mockito\mockito-core\2.23.4\mockito-core-2.23.4.jar;C:\AESoft\Maven Repository\net\bytebuddy\byte-buddy\1.9.10\byte-buddy-1.9.10.jar;C:\AESoft\Maven Repository\net\bytebuddy\byte-buddy-agent\1.9.3\byte-buddy-agent-1.9.3.jar;C:\AESoft\Maven Repository\org\objenesis\objenesis\2.6\objenesis-2.6.jar;C:\AESoft\Maven Repository\org\hamcrest\hamcrest-all\1.3\hamcrest-all-1.3.jar;C:\AESoft\Maven Repository\org\projectlombok\lombok\1.18.4\lombok-1.18.4.jar;C:\AESoft\Maven Repository\org\mapstruct\mapstruct-processor\1.3.0.Final\mapstruct-processor-1.3.0.Final.jar
                          java.class.version=56.0
                          java.home=C:\Java\JDK\jdk-12
                          java.io.tmpdir=C:\Users\GedMarc\AppData\Local\Temp\
                          java.library.path=C:\Java\JDK\jdk-12\bin;C:\WINDOWS\Sun\Java\bin;C:\WINDOWS\system32;C:\WINDOWS;C:\Python27\;C:\Python27\Scripts;C:\Program Files (x86)\Intel\iCLS Client\;C:\Program Files\Intel\iCLS Client\;C:\WINDOWS\system32;C:\WINDOWS;C:\WINDOWS\System32\Wbem;C:\WINDOWS\System32\WindowsPowerShell\v1.0\;C:\WINDOWS\System32\OpenSSH\;C:\Program Files (x86)\Intel\Intel(R) Management Engine Components\DAL;C:\Program Files\Intel\Intel(R) Management Engine Components\DAL;C:\Program Files (x86)\Intel\Intel(R) Management Engine Components\IPT;C:\Program Files\Intel\Intel(R) Management Engine Components\IPT;C:\Program Files (x86)\Microsoft SQL Server\140\Tools\Binn\;C:\Program Files\Microsoft SQL Server\140\Tools\Binn\;C:\Program Files\Microsoft SQL Server\Client SDK\ODBC\130\Tools\Binn\;C:\Program Files\Microsoft SQL Server\140\DTS\Binn\;C:\Program Files (x86)\Microsoft SQL Server\Client SDK\ODBC\130\Tools\Binn\;C:\Program Files (x86)\Microsoft SQL Server\140\DTS\Binn\;C:\Program Files (x86)\Microsoft SQL Server\140\Tools\Binn\ManagementStudio\;C:\Program Files\Git\cmd;C:\Program Files\nodejs\;C:\ProgramData\chocolatey\bin;C:\Program Files (x86)\Windows Kits\10\Windows Performance Toolkit\;C:\Program Files (x86)\Windows Kits\10\Microsoft Application Virtualization\Sequencer\;C:\Users\GedMarc\AppData\Local\Microsoft\WindowsApps;C:\Software\IntelliJIDEA2018.3.5\bin;;C:\Java\jdk-11\bin;C:\Java\maven\bin;C:\Users\GedMarc\AppData\Roaming\npm;;.
                          java.runtime.name=OpenJDK Runtime Environment
                          java.runtime.version=12+33
                          java.specification.name=Java Platform API Specification
                          java.specification.vendor=Oracle Corporation
                          java.specification.version=12
                          java.vendor=Oracle Corporation
                          java.vendor.url=https://java.oracle.com/
                          java.vendor.url.bug=https://bugreport.java.com/bugreport/
                          java.version=12
                          java.version.date=2019-03-19
                          java.vm.args=-agentlib:jdwp=transport=dt_socket,address=127.0.0.1:49728,suspend=y,server=n -ea -Didea.test.cyclic.buffer.size=1048576 -javaagent:C:\Software\IntelliJIDEA2018.3.5\lib\rt\debugger-agent.jar -Dfile.encoding=UTF-8 
                          java.vm.compressedOopsMode=Zero based
                          java.vm.info=mixed mode, sharing
                          java.vm.name=OpenJDK 64-Bit Server VM
                          java.vm.specification.name=Java Virtual Machine Specification
                          java.vm.specification.vendor=Oracle Corporation
                          java.vm.specification.version=12
                          java.vm.vendor=Oracle Corporation
                          java.vm.version=12+33
                          os.arch=amd64
                          os.name=Windows 10
                          os.version=10.0
                          sun.arch.data.model=64
                          sun.boot.library.path=C:\Java\JDK\jdk-12\bin
                          sun.cpu.endian=little
                          sun.cpu.isalist=amd64
                          sun.desktop=windows
                          sun.io.unicode.encoding=UnicodeLittle
                          sun.java.command=com.intellij.rt.execution.junit.JUnitStarter -ideVersion5 -junit5 com.armineasy.activitymaster.profiles.services.ProfileServiceTest,testCreateNewGuest
                          sun.java.launcher=SUN_STANDARD
                          sun.jnu.encoding=Cp1252
                          sun.management.compiler=HotSpot 64-Bit Tiered Compilers
                          sun.os.patch.level=]
03-04-2019 21:59:33 1554321573032 Metric[classloading.loadedClassesCount=6390]
03-04-2019 21:59:33 1554321573032 Metric[classloading.totalLoadedClassesCount=6390]
03-04-2019 21:59:33 1554321573032 Metric[classloading.unloadedClassCount=0]
03-04-2019 21:59:33 1554321573032 Metric[executionService.userExecutorQueueSize=0]
03-04-2019 21:59:33 1554321573032 Metric[file.partition[user.home].freeSpace=102376861696]
03-04-2019 21:59:33 1554321573032 Metric[file.partition[user.home].totalSpace=478977880064]
03-04-2019 21:59:33 1554321573032 Metric[file.partition[user.home].usableSpace=102376861696]
03-04-2019 21:59:33 1554321573032 Metric[gc.majorCount=0]
03-04-2019 21:59:33 1554321573032 Metric[gc.majorTime=0]
03-04-2019 21:59:33 1554321573032 Metric[gc.minorCount=4]
03-04-2019 21:59:33 1554321573032 Metric[gc.minorTime=25]
03-04-2019 21:59:33 1554321573032 Metric[gc.unknownCount=0]
03-04-2019 21:59:33 1554321573032 Metric[gc.unknownTime=0]
03-04-2019 21:59:33 1554321573032 Metric[invocations.maxCurrentInvocations=2147483647]
03-04-2019 21:59:33 1554321573032 Metric[invocations.pendingCalls=0]
03-04-2019 21:59:33 1554321573032 Metric[invocations.startedInvocations=5]
03-04-2019 21:59:33 1554321573032 Metric[memory.committedHeap=73400320]
03-04-2019 21:59:33 1554321573032 Metric[memory.committedNative=0]
03-04-2019 21:59:33 1554321573032 Metric[memory.freeHeap=23856992]
03-04-2019 21:59:33 1554321573032 Metric[memory.freeNative=0]
03-04-2019 21:59:33 1554321573032 Metric[memory.freePhysical=-1]
03-04-2019 21:59:33 1554321573032 Metric[memory.maxHeap=4269801472]
03-04-2019 21:59:33 1554321573032 Metric[memory.maxMetadata=0]
03-04-2019 21:59:33 1554321573032 Metric[memory.maxNative=0]
03-04-2019 21:59:33 1554321573032 Metric[memory.totalPhysical=-1]
03-04-2019 21:59:33 1554321573032 Metric[memory.usedHeap=49771944]
03-04-2019 21:59:33 1554321573032 Metric[memory.usedMetadata=0]
03-04-2019 21:59:33 1554321573032 Metric[memory.usedNative=0]
03-04-2019 21:59:33 1554321573032 Metric[os.systemLoadAverage=-1.0]
03-04-2019 21:59:33 1554321573032 Metric[runtime.availableProcessors=12]
03-04-2019 21:59:33 1554321573032 Metric[runtime.freeMemory=23628376]
03-04-2019 21:59:33 1554321573032 Metric[runtime.maxMemory=4269801472]
03-04-2019 21:59:33 1554321573032 Metric[runtime.totalMemory=73400320]
03-04-2019 21:59:33 1554321573032 Metric[runtime.uptime=5452]
03-04-2019 21:59:33 1554321573032 Metric[runtime.usedMemory=49771944]
03-04-2019 21:59:33 1554321573032 Metric[thread.daemonThreadCount=5]
03-04-2019 21:59:33 1554321573032 Metric[thread.peakThreadCount=25]
03-04-2019 21:59:33 1554321573032 Metric[thread.threadCount=23]
03-04-2019 21:59:33 1554321573032 Metric[thread.totalStartedThreadCount=42]
03-04-2019 22:02:48 1554321768940 Metric[classloading.loadedClassesCount=13740]
03-04-2019 22:02:48 1554321768940 Metric[classloading.totalLoadedClassesCount=13740]
03-04-2019 22:02:48 1554321768940 Metric[classloading.unloadedClassCount=0]
03-04-2019 22:02:48 1554321768940 Metric[executionService.userExecutorQueueSize=0]
03-04-2019 22:02:48 1554321768940 Metric[file.partition[user.home].freeSpace=102352633856]
03-04-2019 22:02:48 1554321768940 Metric[file.partition[user.home].totalSpace=478977880064]
03-04-2019 22:02:48 1554321768940 Metric[file.partition[user.home].usableSpace=102352633856]
03-04-2019 22:02:48 1554321768940 Metric[gc.majorCount=0]
03-04-2019 22:02:48 1554321768940 Metric[gc.majorTime=0]
03-04-2019 22:02:48 1554321768940 Metric[gc.minorCount=122]
03-04-2019 22:02:48 1554321768940 Metric[gc.minorTime=461]
03-04-2019 22:02:48 1554321768940 Metric[gc.unknownCount=0]
03-04-2019 22:02:48 1554321768940 Metric[gc.unknownTime=0]
03-04-2019 22:02:48 1554321768940 Metric[invocations.maxCurrentInvocations=2147483647]
03-04-2019 22:02:48 1554321768940 Metric[invocations.pendingCalls=0]
03-04-2019 22:02:48 1554321768940 Metric[invocations.startedInvocations=16650]
03-04-2019 22:02:48 1554321768940 Metric[listeners.eventHandlerCount=2]
03-04-2019 22:02:48 1554321768940 Metric[listeners.eventQueueSize=0]
03-04-2019 22:02:48 1554321768940 Metric[listeners.eventsProcessed=7]
03-04-2019 22:02:48 1554321768940 Metric[memory.committedHeap=322961408]
03-04-2019 22:02:48 1554321768940 Metric[memory.committedNative=0]
03-04-2019 22:02:48 1554321768940 Metric[memory.freeHeap=71112696]
03-04-2019 22:02:48 1554321768940 Metric[memory.freeNative=0]
03-04-2019 22:02:48 1554321768940 Metric[memory.freePhysical=-1]
03-04-2019 22:02:48 1554321768940 Metric[memory.maxHeap=4269801472]
03-04-2019 22:02:48 1554321768940 Metric[memory.maxMetadata=0]
03-04-2019 22:02:48 1554321768940 Metric[memory.maxNative=0]
03-04-2019 22:02:48 1554321768940 Metric[memory.totalPhysical=-1]
03-04-2019 22:02:48 1554321768940 Metric[memory.usedHeap=251928648]
03-04-2019 22:02:48 1554321768940 Metric[memory.usedMetadata=0]
03-04-2019 22:02:48 1554321768940 Metric[memory.usedNative=0]
03-04-2019 22:02:48 1554321768940 Metric[os.systemLoadAverage=-1.0]
03-04-2019 22:02:48 1554321768940 Metric[runtime.availableProcessors=12]
03-04-2019 22:02:48 1554321768940 Metric[runtime.freeMemory=70991568]
03-04-2019 22:02:48 1554321768940 Metric[runtime.maxMemory=4269801472]
03-04-2019 22:02:48 1554321768940 Metric[runtime.totalMemory=322961408]
03-04-2019 22:02:48 1554321768940 Metric[runtime.uptime=202056]
03-04-2019 22:02:48 1554321768940 Metric[runtime.usedMemory=251988888]
03-04-2019 22:02:48 1554321768940 Metric[thread.daemonThreadCount=7]
03-04-2019 22:02:48 1554321768940 Metric[thread.peakThreadCount=27]
03-04-2019 22:02:48 1554321768940 Metric[thread.threadCount=26]
03-04-2019 22:02:48 1554321768940 Metric[thread.totalStartedThreadCount=46]
03-04-2019 22:02:50 1554321770334 Metric[classloading.loadedClassesCount=13751]
03-04-2019 22:02:50 1554321770334 Metric[classloading.totalLoadedClassesCount=13751]
03-04-2019 22:02:50 1554321770334 Metric[classloading.unloadedClassCount=0]
03-04-2019 22:02:50 1554321770334 Metric[executionService.userExecutorQueueSize=0]
03-04-2019 22:02:50 1554321770334 Metric[file.partition[user.home].freeSpace=102352404480]
03-04-2019 22:02:50 1554321770334 Metric[file.partition[user.home].totalSpace=478977880064]
03-04-2019 22:02:50 1554321770334 Metric[file.partition[user.home].usableSpace=102352404480]
03-04-2019 22:02:50 1554321770334 Metric[gc.majorCount=0]
03-04-2019 22:02:50 1554321770334 Metric[gc.majorTime=0]
03-04-2019 22:02:50 1554321770334 Metric[gc.minorCount=122]
03-04-2019 22:02:50 1554321770334 Metric[gc.minorTime=461]
03-04-2019 22:02:50 1554321770334 Metric[gc.unknownCount=0]
03-04-2019 22:02:50 1554321770334 Metric[gc.unknownTime=0]
03-04-2019 22:02:50 1554321770334 Metric[invocations.maxCurrentInvocations=2147483647]
03-04-2019 22:02:50 1554321770334 Metric[invocations.pendingCalls=0]
03-04-2019 22:02:50 1554321770334 Metric[invocations.startedInvocations=16650]
03-04-2019 22:02:50 1554321770334 Metric[listeners.eventHandlerCount=2]
03-04-2019 22:02:50 1554321770334 Metric[listeners.eventQueueSize=0]
03-04-2019 22:02:50 1554321770334 Metric[listeners.eventsProcessed=12]
03-04-2019 22:02:50 1554321770334 Metric[memory.committedHeap=322961408]
03-04-2019 22:02:50 1554321770334 Metric[memory.committedNative=0]
03-04-2019 22:02:50 1554321770334 Metric[memory.freeHeap=69106248]
03-04-2019 22:02:50 1554321770334 Metric[memory.freeNative=0]
03-04-2019 22:02:50 1554321770334 Metric[memory.freePhysical=-1]
03-04-2019 22:02:50 1554321770334 Metric[memory.maxHeap=4269801472]
03-04-2019 22:02:50 1554321770334 Metric[memory.maxMetadata=0]
03-04-2019 22:02:50 1554321770334 Metric[memory.maxNative=0]
03-04-2019 22:02:50 1554321770334 Metric[memory.totalPhysical=-1]
03-04-2019 22:02:50 1554321770334 Metric[memory.usedHeap=253887992]
03-04-2019 22:02:50 1554321770334 Metric[memory.usedMetadata=0]
03-04-2019 22:02:50 1554321770334 Metric[memory.usedNative=0]
03-04-2019 22:02:50 1554321770334 Metric[os.systemLoadAverage=-1.0]
03-04-2019 22:02:50 1554321770334 Metric[runtime.availableProcessors=12]
03-04-2019 22:02:50 1554321770334 Metric[runtime.freeMemory=68927352]
03-04-2019 22:02:50 1554321770334 Metric[runtime.maxMemory=4269801472]
03-04-2019 22:02:50 1554321770334 Metric[runtime.totalMemory=322961408]
03-04-2019 22:02:50 1554321770334 Metric[runtime.uptime=205051]
03-04-2019 22:02:50 1554321770334 Metric[runtime.usedMemory=254173280]
03-04-2019 22:02:50 1554321770334 Metric[thread.daemonThreadCount=7]
03-04-2019 22:02:50 1554321770334 Metric[thread.peakThreadCount=27]
03-04-2019 22:02:50 1554321770334 Metric[thread.threadCount=26]
03-04-2019 22:02:50 1554321770334 Metric[thread.totalStartedThreadCount=46]
03-04-2019 22:02:52 1554321772639 ConnectionRemoved[
                          ClientConnection{alive=false, connectionId=1, channel=NioChannel{/127.0.0.1:49791->/127.0.0.1:5701}, remoteEndpoint=[192.168.1.2]:5701, lastReadTime=2019-04-03 22:02:48.945, lastWriteTime=2019-04-03 22:02:48.945, closedTime=2019-04-03 22:02:48.945, connected server version=3.10.2}
                          type=JAVA_CLIENT
                          isAlive=false
                          closeReason=Heartbeat timed out
                          CloseCause[
                                  com.hazelcast.spi.exception.TargetDisconnectedException: Heartbeat timed out to connection ClientConnection{alive=true, connectionId=1, channel=NioChannel{/127.0.0.1:49791->/127.0.0.1:5701}, remoteEndpoint=[192.168.1.2]:5701, lastReadTime=2019-04-03 22:02:48.944, lastWriteTime=2019-04-03 22:02:48.945, closedTime=never, connected server version=3.10.2}
                                  com.hazelcast.client.connection.nio.HeartbeatManager.onHeartbeatStopped(HeartbeatManager.java:102)
                                  com.hazelcast.client.connection.nio.HeartbeatManager.checkConnection(HeartbeatManager.java:90)
                                  com.hazelcast.client.connection.nio.HeartbeatManager.run(HeartbeatManager.java:78)
                                  java.base/java.util.concurrent.Executors$RunnableAdapter.call(Executors.java:515)
                                  java.base/java.util.concurrent.FutureTask.runAndReset$$$capture(FutureTask.java:305)
                                  java.base/java.util.concurrent.FutureTask.runAndReset(FutureTask.java)
                                  java.base/java.util.concurrent.ScheduledThreadPoolExecutor$ScheduledFutureTask.run(ScheduledThreadPoolExecutor.java:305)
                                  java.base/java.util.concurrent.ThreadPoolExecutor.runWorker(ThreadPoolExecutor.java:1128)
                                  java.base/java.util.concurrent.ThreadPoolExecutor$Worker.run(ThreadPoolExecutor.java:628)
                                  java.base/java.lang.Thread.run(Thread.java:835)
                                  com.hazelcast.util.executor.HazelcastManagedThread.executeRun(HazelcastManagedThread.java:64)
                                  com.hazelcast.util.executor.HazelcastManagedThread.run(HazelcastManagedThread.java:80)]]
03-04-2019 22:02:52 1554321772641 Lifecycle[
                          CLIENT_DISCONNECTED]
03-04-2019 22:02:52 1554321772643 ConnectionAdded[
                          ClientConnection{alive=true, connectionId=2, channel=NioChannel{/127.0.0.1:50285->/127.0.0.1:5701}, remoteEndpoint=[192.168.1.2]:5701, lastReadTime=2019-04-03 22:02:52.642, lastWriteTime=2019-04-03 22:02:52.637, closedTime=never, connected server version=3.10.2}
                          type=JAVA_CLIENT
                          isAlive=true]
03-04-2019 22:02:52 1554321772648 Metric[classloading.loadedClassesCount=13758]
03-04-2019 22:02:52 1554321772648 Metric[classloading.totalLoadedClassesCount=13758]
03-04-2019 22:02:52 1554321772648 Metric[classloading.unloadedClassCount=0]
03-04-2019 22:02:52 1554321772648 Metric[executionService.userExecutorQueueSize=0]
03-04-2019 22:02:52 1554321772648 Metric[file.partition[user.home].freeSpace=102352404480]
03-04-2019 22:02:52 1554321772648 Metric[file.partition[user.home].totalSpace=478977880064]
03-04-2019 22:02:52 1554321772648 Metric[file.partition[user.home].usableSpace=102352404480]
03-04-2019 22:02:52 1554321772648 Metric[gc.majorCount=0]
03-04-2019 22:02:52 1554321772648 Metric[gc.majorTime=0]
03-04-2019 22:02:52 1554321772648 Metric[gc.minorCount=122]
03-04-2019 22:02:52 1554321772648 Metric[gc.minorTime=461]
03-04-2019 22:02:52 1554321772648 Metric[gc.unknownCount=0]
03-04-2019 22:02:52 1554321772648 Metric[gc.unknownTime=0]
03-04-2019 22:02:52 1554321772648 Metric[invocations.maxCurrentInvocations=2147483647]
03-04-2019 22:02:52 1554321772648 Metric[invocations.pendingCalls=0]
03-04-2019 22:02:52 1554321772648 Metric[invocations.startedInvocations=16655]
03-04-2019 22:02:52 1554321772648 Metric[listeners.eventHandlerCount=4]
03-04-2019 22:02:52 1554321772648 Metric[listeners.eventQueueSize=0]
03-04-2019 22:02:52 1554321772648 Metric[listeners.eventsProcessed=19]
03-04-2019 22:02:52 1554321772648 Metric[memory.committedHeap=322961408]
03-04-2019 22:02:52 1554321772648 Metric[memory.committedNative=0]
03-04-2019 22:02:52 1554321772648 Metric[memory.freeHeap=67153088]
03-04-2019 22:02:52 1554321772648 Metric[memory.freeNative=0]
03-04-2019 22:02:52 1554321772648 Metric[memory.freePhysical=-1]
03-04-2019 22:02:52 1554321772648 Metric[memory.maxHeap=4269801472]
03-04-2019 22:02:52 1554321772648 Metric[memory.maxMetadata=0]
03-04-2019 22:02:52 1554321772648 Metric[memory.maxNative=0]
03-04-2019 22:02:52 1554321772648 Metric[memory.totalPhysical=-1]
03-04-2019 22:02:52 1554321772648 Metric[memory.usedHeap=255816752]
03-04-2019 22:02:52 1554321772648 Metric[memory.usedMetadata=0]
03-04-2019 22:02:52 1554321772648 Metric[memory.usedNative=0]
03-04-2019 22:02:52 1554321772648 Metric[os.systemLoadAverage=-1.0]
03-04-2019 22:02:52 1554321772648 Metric[runtime.availableProcessors=12]
03-04-2019 22:02:52 1554321772648 Metric[runtime.freeMemory=67141232]
03-04-2019 22:02:52 1554321772648 Metric[runtime.maxMemory=4269801472]
03-04-2019 22:02:52 1554321772648 Metric[runtime.totalMemory=322961408]
03-04-2019 22:02:52 1554321772648 Metric[runtime.uptime=205066]
03-04-2019 22:02:52 1554321772648 Metric[runtime.usedMemory=255820176]
03-04-2019 22:02:52 1554321772648 Metric[thread.daemonThreadCount=7]
03-04-2019 22:02:52 1554321772648 Metric[thread.peakThreadCount=27]
03-04-2019 22:02:52 1554321772648 Metric[thread.threadCount=26]
03-04-2019 22:02:52 1554321772648 Metric[thread.totalStartedThreadCount=46]
03-04-2019 22:02:53 1554321773038 Lifecycle[
                          CLIENT_CONNECTED]
